{"C:\\Users\\FengV\\Desktop\\web-dev\\ricebook\\frontend\\src\\redux\\action.spec.js":{"path":"C:\\Users\\FengV\\Desktop\\web-dev\\ricebook\\frontend\\src\\redux\\action.spec.js","statementMap":{"0":{"start":{"line":3,"column":24},"end":{"line":3,"column":328}},"1":{"start":{"line":3,"column":99},"end":{"line":3,"column":154}},"2":{"start":{"line":3,"column":133},"end":{"line":3,"column":151}},"3":{"start":{"line":3,"column":164},"end":{"line":3,"column":326}},"4":{"start":{"line":3,"column":198},"end":{"line":3,"column":323}},"5":{"start":{"line":3,"column":329},"end":{"line":3,"column":349}},"6":{"start":{"line":5,"column":12},"end":{"line":5,"column":27}},"7":{"start":{"line":7,"column":15},"end":{"line":7,"column":57}},"8":{"start":{"line":9,"column":17},"end":{"line":9,"column":63}},"9":{"start":{"line":11,"column":18},"end":{"line":11,"column":67}},"10":{"start":{"line":13,"column":22},"end":{"line":13,"column":49}},"11":{"start":{"line":15,"column":18},"end":{"line":15,"column":41}},"12":{"start":{"line":17,"column":38},"end":{"line":17,"column":85}},"13":{"start":{"line":17,"column":73},"end":{"line":17,"column":85}},"14":{"start":{"line":17,"column":98},"end":{"line":17,"column":111}},"15":{"start":{"line":17,"column":113},"end":{"line":17,"column":194}},"16":{"start":{"line":17,"column":178},"end":{"line":17,"column":191}},"17":{"start":{"line":17,"column":195},"end":{"line":17,"column":208}},"18":{"start":{"line":19,"column":40},"end":{"line":19,"column":82}},"19":{"start":{"line":19,"column":69},"end":{"line":19,"column":80}},"20":{"start":{"line":19,"column":83},"end":{"line":19,"column":187}},"21":{"start":{"line":19,"column":161},"end":{"line":19,"column":185}},"22":{"start":{"line":19,"column":200},"end":{"line":19,"column":226}},"23":{"start":{"line":19,"column":228},"end":{"line":19,"column":283}},"24":{"start":{"line":19,"column":259},"end":{"line":19,"column":281}},"25":{"start":{"line":19,"column":297},"end":{"line":19,"column":299}},"26":{"start":{"line":19,"column":329},"end":{"line":19,"column":385}},"27":{"start":{"line":19,"column":387},"end":{"line":19,"column":667}},"28":{"start":{"line":19,"column":410},"end":{"line":19,"column":665}},"29":{"start":{"line":19,"column":475},"end":{"line":19,"column":547}},"30":{"start":{"line":19,"column":549},"end":{"line":19,"column":663}},"31":{"start":{"line":19,"column":587},"end":{"line":19,"column":628}},"32":{"start":{"line":19,"column":638},"end":{"line":19,"column":661}},"33":{"start":{"line":19,"column":668},"end":{"line":19,"column":689}},"34":{"start":{"line":19,"column":690},"end":{"line":19,"column":728}},"35":{"start":{"line":19,"column":703},"end":{"line":19,"column":726}},"36":{"start":{"line":19,"column":729},"end":{"line":19,"column":743}},"37":{"start":{"line":21,"column":39},"end":{"line":21,"column":93}},"38":{"start":{"line":23,"column":0},"end":{"line":117,"column":3}},"39":{"start":{"line":25,"column":2},"end":{"line":43,"column":5}},"40":{"start":{"line":26,"column":4},"end":{"line":42,"column":5}},"41":{"start":{"line":27,"column":6},"end":{"line":30,"column":9}},"42":{"start":{"line":32,"column":6},"end":{"line":32,"column":70}},"43":{"start":{"line":34,"column":6},"end":{"line":34,"column":28}},"44":{"start":{"line":36,"column":6},"end":{"line":36,"column":40}},"45":{"start":{"line":37,"column":6},"end":{"line":37,"column":54}},"46":{"start":{"line":38,"column":6},"end":{"line":38,"column":41}},"47":{"start":{"line":40,"column":6},"end":{"line":40,"column":48}},"48":{"start":{"line":41,"column":6},"end":{"line":41,"column":50}},"49":{"start":{"line":44,"column":2},"end":{"line":50,"column":5}},"50":{"start":{"line":45,"column":4},"end":{"line":49,"column":5}},"51":{"start":{"line":46,"column":6},"end":{"line":46,"column":52}},"52":{"start":{"line":48,"column":6},"end":{"line":48,"column":33}},"53":{"start":{"line":51,"column":2},"end":{"line":72,"column":5}},"54":{"start":{"line":52,"column":19},"end":{"line":52,"column":25}},"55":{"start":{"line":53,"column":19},"end":{"line":53,"column":23}},"56":{"start":{"line":54,"column":4},"end":{"line":63,"column":7}},"57":{"start":{"line":64,"column":4},"end":{"line":70,"column":7}},"58":{"start":{"line":65,"column":6},"end":{"line":69,"column":7}},"59":{"start":{"line":67,"column":10},"end":{"line":67,"column":60}},"60":{"start":{"line":68,"column":10},"end":{"line":68,"column":16}},"61":{"start":{"line":71,"column":4},"end":{"line":71,"column":11}},"62":{"start":{"line":73,"column":2},"end":{"line":88,"column":5}},"63":{"start":{"line":74,"column":19},"end":{"line":74,"column":28}},"64":{"start":{"line":75,"column":19},"end":{"line":75,"column":28}},"65":{"start":{"line":76,"column":4},"end":{"line":82,"column":7}},"66":{"start":{"line":83,"column":4},"end":{"line":86,"column":7}},"67":{"start":{"line":84,"column":6},"end":{"line":84,"column":70}},"68":{"start":{"line":85,"column":6},"end":{"line":85,"column":79}},"69":{"start":{"line":87,"column":4},"end":{"line":87,"column":11}},"70":{"start":{"line":89,"column":2},"end":{"line":104,"column":5}},"71":{"start":{"line":90,"column":19},"end":{"line":90,"column":28}},"72":{"start":{"line":91,"column":19},"end":{"line":91,"column":28}},"73":{"start":{"line":92,"column":4},"end":{"line":98,"column":7}},"74":{"start":{"line":99,"column":4},"end":{"line":102,"column":7}},"75":{"start":{"line":100,"column":6},"end":{"line":100,"column":70}},"76":{"start":{"line":101,"column":6},"end":{"line":101,"column":79}},"77":{"start":{"line":103,"column":4},"end":{"line":103,"column":11}},"78":{"start":{"line":105,"column":2},"end":{"line":116,"column":5}},"79":{"start":{"line":106,"column":4},"end":{"line":111,"column":7}},"80":{"start":{"line":112,"column":4},"end":{"line":114,"column":7}},"81":{"start":{"line":113,"column":6},"end":{"line":113,"column":72}},"82":{"start":{"line":115,"column":4},"end":{"line":115,"column":11}},"83":{"start":{"line":118,"column":0},"end":{"line":166,"column":3}},"84":{"start":{"line":120,"column":2},"end":{"line":136,"column":5}},"85":{"start":{"line":121,"column":4},"end":{"line":135,"column":5}},"86":{"start":{"line":122,"column":6},"end":{"line":125,"column":9}},"87":{"start":{"line":127,"column":6},"end":{"line":127,"column":70}},"88":{"start":{"line":129,"column":6},"end":{"line":129,"column":28}},"89":{"start":{"line":131,"column":6},"end":{"line":131,"column":40}},"90":{"start":{"line":132,"column":6},"end":{"line":132,"column":54}},"91":{"start":{"line":133,"column":6},"end":{"line":133,"column":41}},"92":{"start":{"line":134,"column":6},"end":{"line":134,"column":60}},"93":{"start":{"line":137,"column":2},"end":{"line":143,"column":5}},"94":{"start":{"line":138,"column":4},"end":{"line":142,"column":5}},"95":{"start":{"line":139,"column":6},"end":{"line":139,"column":52}},"96":{"start":{"line":141,"column":6},"end":{"line":141,"column":33}},"97":{"start":{"line":144,"column":2},"end":{"line":165,"column":5}},"98":{"start":{"line":145,"column":16},"end":{"line":145,"column":25}},"99":{"start":{"line":146,"column":14},"end":{"line":149,"column":5}},"100":{"start":{"line":150,"column":4},"end":{"line":160,"column":7}},"101":{"start":{"line":161,"column":4},"end":{"line":163,"column":7}},"102":{"start":{"line":162,"column":6},"end":{"line":162,"column":69}},"103":{"start":{"line":164,"column":4},"end":{"line":164,"column":11}},"104":{"start":{"line":167,"column":0},"end":{"line":220,"column":3}},"105":{"start":{"line":169,"column":2},"end":{"line":185,"column":5}},"106":{"start":{"line":170,"column":4},"end":{"line":184,"column":5}},"107":{"start":{"line":171,"column":6},"end":{"line":174,"column":9}},"108":{"start":{"line":176,"column":6},"end":{"line":176,"column":70}},"109":{"start":{"line":178,"column":6},"end":{"line":178,"column":28}},"110":{"start":{"line":180,"column":6},"end":{"line":180,"column":40}},"111":{"start":{"line":181,"column":6},"end":{"line":181,"column":54}},"112":{"start":{"line":182,"column":6},"end":{"line":182,"column":41}},"113":{"start":{"line":183,"column":6},"end":{"line":183,"column":64}},"114":{"start":{"line":186,"column":2},"end":{"line":192,"column":5}},"115":{"start":{"line":187,"column":4},"end":{"line":191,"column":5}},"116":{"start":{"line":188,"column":6},"end":{"line":188,"column":52}},"117":{"start":{"line":190,"column":6},"end":{"line":190,"column":33}},"118":{"start":{"line":193,"column":2},"end":{"line":219,"column":5}},"119":{"start":{"line":194,"column":4},"end":{"line":213,"column":7}},"120":{"start":{"line":214,"column":4},"end":{"line":217,"column":7}},"121":{"start":{"line":215,"column":6},"end":{"line":215,"column":69}},"122":{"start":{"line":216,"column":6},"end":{"line":216,"column":66}},"123":{"start":{"line":218,"column":4},"end":{"line":218,"column":11}}},"fnMap":{"0":{"name":"_typeof","decl":{"start":{"line":3,"column":9},"end":{"line":3,"column":16}},"loc":{"start":{"line":3,"column":22},"end":{"line":3,"column":351}},"line":3},"1":{"name":"_typeof","decl":{"start":{"line":3,"column":118},"end":{"line":3,"column":125}},"loc":{"start":{"line":3,"column":131},"end":{"line":3,"column":153}},"line":3},"2":{"name":"_typeof","decl":{"start":{"line":3,"column":183},"end":{"line":3,"column":190}},"loc":{"start":{"line":3,"column":196},"end":{"line":3,"column":325}},"line":3},"3":{"name":"_getRequireWildcardCache","decl":{"start":{"line":17,"column":9},"end":{"line":17,"column":33}},"loc":{"start":{"line":17,"column":36},"end":{"line":17,"column":210}},"line":17},"4":{"name":"_getRequireWildcardCache","decl":{"start":{"line":17,"column":149},"end":{"line":17,"column":173}},"loc":{"start":{"line":17,"column":176},"end":{"line":17,"column":193}},"line":17},"5":{"name":"_interopRequireWildcard","decl":{"start":{"line":19,"column":9},"end":{"line":19,"column":32}},"loc":{"start":{"line":19,"column":38},"end":{"line":19,"column":745}},"line":19},"6":{"name":"_interopRequireDefault","decl":{"start":{"line":21,"column":9},"end":{"line":21,"column":31}},"loc":{"start":{"line":21,"column":37},"end":{"line":21,"column":95}},"line":21},"7":{"name":"(anonymous_7)","decl":{"start":{"line":23,"column":36},"end":{"line":23,"column":37}},"loc":{"start":{"line":23,"column":48},"end":{"line":117,"column":1}},"line":23},"8":{"name":"(anonymous_8)","decl":{"start":{"line":25,"column":13},"end":{"line":25,"column":14}},"loc":{"start":{"line":25,"column":25},"end":{"line":43,"column":3}},"line":25},"9":{"name":"(anonymous_9)","decl":{"start":{"line":44,"column":12},"end":{"line":44,"column":13}},"loc":{"start":{"line":44,"column":24},"end":{"line":50,"column":3}},"line":44},"10":{"name":"(anonymous_10)","decl":{"start":{"line":51,"column":51},"end":{"line":51,"column":52}},"loc":{"start":{"line":51,"column":67},"end":{"line":72,"column":3}},"line":51},"11":{"name":"(anonymous_11)","decl":{"start":{"line":64,"column":30},"end":{"line":64,"column":31}},"loc":{"start":{"line":64,"column":48},"end":{"line":70,"column":5}},"line":64},"12":{"name":"(anonymous_12)","decl":{"start":{"line":73,"column":42},"end":{"line":73,"column":43}},"loc":{"start":{"line":73,"column":58},"end":{"line":88,"column":3}},"line":73},"13":{"name":"(anonymous_13)","decl":{"start":{"line":83,"column":30},"end":{"line":83,"column":31}},"loc":{"start":{"line":83,"column":48},"end":{"line":86,"column":5}},"line":83},"14":{"name":"(anonymous_14)","decl":{"start":{"line":89,"column":86},"end":{"line":89,"column":87}},"loc":{"start":{"line":89,"column":102},"end":{"line":104,"column":3}},"line":89},"15":{"name":"(anonymous_15)","decl":{"start":{"line":99,"column":30},"end":{"line":99,"column":31}},"loc":{"start":{"line":99,"column":48},"end":{"line":102,"column":5}},"line":99},"16":{"name":"(anonymous_16)","decl":{"start":{"line":105,"column":62},"end":{"line":105,"column":63}},"loc":{"start":{"line":105,"column":78},"end":{"line":116,"column":3}},"line":105},"17":{"name":"(anonymous_17)","decl":{"start":{"line":112,"column":13},"end":{"line":112,"column":14}},"loc":{"start":{"line":112,"column":31},"end":{"line":114,"column":5}},"line":112},"18":{"name":"(anonymous_18)","decl":{"start":{"line":118,"column":37},"end":{"line":118,"column":38}},"loc":{"start":{"line":118,"column":49},"end":{"line":166,"column":1}},"line":118},"19":{"name":"(anonymous_19)","decl":{"start":{"line":120,"column":13},"end":{"line":120,"column":14}},"loc":{"start":{"line":120,"column":25},"end":{"line":136,"column":3}},"line":120},"20":{"name":"(anonymous_20)","decl":{"start":{"line":137,"column":12},"end":{"line":137,"column":13}},"loc":{"start":{"line":137,"column":24},"end":{"line":143,"column":3}},"line":137},"21":{"name":"(anonymous_21)","decl":{"start":{"line":144,"column":52},"end":{"line":144,"column":53}},"loc":{"start":{"line":144,"column":68},"end":{"line":165,"column":3}},"line":144},"22":{"name":"(anonymous_22)","decl":{"start":{"line":161,"column":18},"end":{"line":161,"column":19}},"loc":{"start":{"line":161,"column":36},"end":{"line":163,"column":5}},"line":161},"23":{"name":"(anonymous_23)","decl":{"start":{"line":167,"column":37},"end":{"line":167,"column":38}},"loc":{"start":{"line":167,"column":49},"end":{"line":220,"column":1}},"line":167},"24":{"name":"(anonymous_24)","decl":{"start":{"line":169,"column":13},"end":{"line":169,"column":14}},"loc":{"start":{"line":169,"column":25},"end":{"line":185,"column":3}},"line":169},"25":{"name":"(anonymous_25)","decl":{"start":{"line":186,"column":12},"end":{"line":186,"column":13}},"loc":{"start":{"line":186,"column":24},"end":{"line":192,"column":3}},"line":186},"26":{"name":"(anonymous_26)","decl":{"start":{"line":193,"column":57},"end":{"line":193,"column":58}},"loc":{"start":{"line":193,"column":73},"end":{"line":219,"column":3}},"line":193},"27":{"name":"(anonymous_27)","decl":{"start":{"line":214,"column":20},"end":{"line":214,"column":21}},"loc":{"start":{"line":214,"column":38},"end":{"line":217,"column":5}},"line":214}},"branchMap":{"0":{"loc":{"start":{"line":3,"column":24},"end":{"line":3,"column":328}},"type":"if","locations":[{"start":{"line":3,"column":24},"end":{"line":3,"column":328}},{"start":{"line":3,"column":24},"end":{"line":3,"column":328}}],"line":3},"1":{"loc":{"start":{"line":3,"column":28},"end":{"line":3,"column":95}},"type":"binary-expr","locations":[{"start":{"line":3,"column":28},"end":{"line":3,"column":56}},{"start":{"line":3,"column":60},"end":{"line":3,"column":95}}],"line":3},"2":{"loc":{"start":{"line":3,"column":205},"end":{"line":3,"column":322}},"type":"cond-expr","locations":[{"start":{"line":3,"column":301},"end":{"line":3,"column":309}},{"start":{"line":3,"column":312},"end":{"line":3,"column":322}}],"line":3},"3":{"loc":{"start":{"line":3,"column":205},"end":{"line":3,"column":298}},"type":"binary-expr","locations":[{"start":{"line":3,"column":205},"end":{"line":3,"column":208}},{"start":{"line":3,"column":212},"end":{"line":3,"column":240}},{"start":{"line":3,"column":244},"end":{"line":3,"column":270}},{"start":{"line":3,"column":274},"end":{"line":3,"column":298}}],"line":3},"4":{"loc":{"start":{"line":17,"column":38},"end":{"line":17,"column":85}},"type":"if","locations":[{"start":{"line":17,"column":38},"end":{"line":17,"column":85}},{"start":{"line":17,"column":38},"end":{"line":17,"column":85}}],"line":17},"5":{"loc":{"start":{"line":19,"column":40},"end":{"line":19,"column":82}},"type":"if","locations":[{"start":{"line":19,"column":40},"end":{"line":19,"column":82}},{"start":{"line":19,"column":40},"end":{"line":19,"column":82}}],"line":19},"6":{"loc":{"start":{"line":19,"column":44},"end":{"line":19,"column":65}},"type":"binary-expr","locations":[{"start":{"line":19,"column":44},"end":{"line":19,"column":47}},{"start":{"line":19,"column":51},"end":{"line":19,"column":65}}],"line":19},"7":{"loc":{"start":{"line":19,"column":83},"end":{"line":19,"column":187}},"type":"if","locations":[{"start":{"line":19,"column":83},"end":{"line":19,"column":187}},{"start":{"line":19,"column":83},"end":{"line":19,"column":187}}],"line":19},"8":{"loc":{"start":{"line":19,"column":87},"end":{"line":19,"column":157}},"type":"binary-expr","locations":[{"start":{"line":19,"column":87},"end":{"line":19,"column":99}},{"start":{"line":19,"column":103},"end":{"line":19,"column":128}},{"start":{"line":19,"column":132},"end":{"line":19,"column":157}}],"line":19},"9":{"loc":{"start":{"line":19,"column":228},"end":{"line":19,"column":283}},"type":"if","locations":[{"start":{"line":19,"column":228},"end":{"line":19,"column":283}},{"start":{"line":19,"column":228},"end":{"line":19,"column":283}}],"line":19},"10":{"loc":{"start":{"line":19,"column":232},"end":{"line":19,"column":255}},"type":"binary-expr","locations":[{"start":{"line":19,"column":232},"end":{"line":19,"column":237}},{"start":{"line":19,"column":241},"end":{"line":19,"column":255}}],"line":19},"11":{"loc":{"start":{"line":19,"column":329},"end":{"line":19,"column":385}},"type":"binary-expr","locations":[{"start":{"line":19,"column":329},"end":{"line":19,"column":350}},{"start":{"line":19,"column":354},"end":{"line":19,"column":385}}],"line":19},"12":{"loc":{"start":{"line":19,"column":410},"end":{"line":19,"column":665}},"type":"if","locations":[{"start":{"line":19,"column":410},"end":{"line":19,"column":665}},{"start":{"line":19,"column":410},"end":{"line":19,"column":665}}],"line":19},"13":{"loc":{"start":{"line":19,"column":475},"end":{"line":19,"column":547}},"type":"cond-expr","locations":[{"start":{"line":19,"column":499},"end":{"line":19,"column":540}},{"start":{"line":19,"column":543},"end":{"line":19,"column":547}}],"line":19},"14":{"loc":{"start":{"line":19,"column":549},"end":{"line":19,"column":663}},"type":"if","locations":[{"start":{"line":19,"column":549},"end":{"line":19,"column":663}},{"start":{"line":19,"column":549},"end":{"line":19,"column":663}}],"line":19},"15":{"loc":{"start":{"line":19,"column":553},"end":{"line":19,"column":583}},"type":"binary-expr","locations":[{"start":{"line":19,"column":553},"end":{"line":19,"column":557}},{"start":{"line":19,"column":562},"end":{"line":19,"column":570}},{"start":{"line":19,"column":574},"end":{"line":19,"column":582}}],"line":19},"16":{"loc":{"start":{"line":19,"column":690},"end":{"line":19,"column":728}},"type":"if","locations":[{"start":{"line":19,"column":690},"end":{"line":19,"column":728}},{"start":{"line":19,"column":690},"end":{"line":19,"column":728}}],"line":19},"17":{"loc":{"start":{"line":21,"column":46},"end":{"line":21,"column":92}},"type":"cond-expr","locations":[{"start":{"line":21,"column":70},"end":{"line":21,"column":73}},{"start":{"line":21,"column":76},"end":{"line":21,"column":92}}],"line":21},"18":{"loc":{"start":{"line":21,"column":46},"end":{"line":21,"column":67}},"type":"binary-expr","locations":[{"start":{"line":21,"column":46},"end":{"line":21,"column":49}},{"start":{"line":21,"column":53},"end":{"line":21,"column":67}}],"line":21},"19":{"loc":{"start":{"line":26,"column":4},"end":{"line":42,"column":5}},"type":"if","locations":[{"start":{"line":26,"column":4},"end":{"line":42,"column":5}},{"start":{"line":26,"column":4},"end":{"line":42,"column":5}}],"line":26},"20":{"loc":{"start":{"line":45,"column":4},"end":{"line":49,"column":5}},"type":"if","locations":[{"start":{"line":45,"column":4},"end":{"line":49,"column":5}},{"start":{"line":45,"column":4},"end":{"line":49,"column":5}}],"line":45},"21":{"loc":{"start":{"line":65,"column":6},"end":{"line":69,"column":7}},"type":"switch","locations":[{"start":{"line":66,"column":8},"end":{"line":68,"column":16}}],"line":65},"22":{"loc":{"start":{"line":121,"column":4},"end":{"line":135,"column":5}},"type":"if","locations":[{"start":{"line":121,"column":4},"end":{"line":135,"column":5}},{"start":{"line":121,"column":4},"end":{"line":135,"column":5}}],"line":121},"23":{"loc":{"start":{"line":138,"column":4},"end":{"line":142,"column":5}},"type":"if","locations":[{"start":{"line":138,"column":4},"end":{"line":142,"column":5}},{"start":{"line":138,"column":4},"end":{"line":142,"column":5}}],"line":138},"24":{"loc":{"start":{"line":170,"column":4},"end":{"line":184,"column":5}},"type":"if","locations":[{"start":{"line":170,"column":4},"end":{"line":184,"column":5}},{"start":{"line":170,"column":4},"end":{"line":184,"column":5}}],"line":170},"25":{"loc":{"start":{"line":187,"column":4},"end":{"line":191,"column":5}},"type":"if","locations":[{"start":{"line":187,"column":4},"end":{"line":191,"column":5}},{"start":{"line":187,"column":4},"end":{"line":191,"column":5}}],"line":187}},"s":{"0":1,"1":1,"2":1,"3":0,"4":0,"5":1,"6":1,"7":1,"8":1,"9":1,"10":1,"11":1,"12":1,"13":0,"14":1,"15":1,"16":0,"17":1,"18":2,"19":1,"20":1,"21":0,"22":1,"23":1,"24":0,"25":1,"26":1,"27":1,"28":2,"29":2,"30":2,"31":0,"32":2,"33":1,"34":1,"35":1,"36":1,"37":1,"38":1,"39":1,"40":4,"41":4,"42":4,"43":4,"44":4,"45":4,"46":4,"47":4,"48":4,"49":1,"50":4,"51":4,"52":4,"53":1,"54":1,"55":1,"56":1,"57":1,"58":1,"59":0,"60":0,"61":1,"62":1,"63":1,"64":1,"65":1,"66":1,"67":1,"68":0,"69":1,"70":1,"71":1,"72":1,"73":1,"74":1,"75":1,"76":0,"77":1,"78":1,"79":1,"80":1,"81":1,"82":1,"83":1,"84":1,"85":1,"86":1,"87":1,"88":1,"89":1,"90":1,"91":1,"92":1,"93":1,"94":1,"95":1,"96":1,"97":1,"98":1,"99":1,"100":1,"101":1,"102":0,"103":1,"104":1,"105":1,"106":1,"107":1,"108":1,"109":1,"110":1,"111":1,"112":1,"113":1,"114":1,"115":1,"116":1,"117":1,"118":1,"119":1,"120":1,"121":0,"122":0,"123":1},"f":{"0":1,"1":1,"2":0,"3":1,"4":0,"5":2,"6":1,"7":1,"8":4,"9":4,"10":1,"11":1,"12":1,"13":1,"14":1,"15":1,"16":1,"17":1,"18":1,"19":1,"20":1,"21":1,"22":0,"23":1,"24":1,"25":1,"26":1,"27":0},"b":{"0":[1,0],"1":[1,1],"2":[0,0],"3":[0,0,0,0],"4":[0,1],"5":[1,1],"6":[2,2],"7":[0,1],"8":[1,1,1],"9":[0,1],"10":[1,1],"11":[1,1],"12":[2,0],"13":[2,0],"14":[0,2],"15":[2,2,2],"16":[1,0],"17":[0,1],"18":[1,1],"19":[4,0],"20":[4,0],"21":[0],"22":[1,0],"23":[1,0],"24":[1,0],"25":[1,0]},"inputSourceMap":{"version":3,"sources":["action.spec.js"],"names":["describe","resource","url","login","logout","beforeEach","mockery","enable","warnOnUnregistered","useCleanCache","registerMock","fetch","require","global","baseUrl","afterEach","deregisterMock","disable","it","done","username","password","method","headers","json","result","action","type","ActionTypes","NEVIGATE","payload","to","eql","status","LOGIN_FALIED","LOGOUT_SUCCEED","fetchAvatar","field","res","avatar","avatars","FETCH_FIELD","fetchArticles","articles","id","author","text","length"],"mappings":";;;;AAAA;;AACA;;AACA;;AACA;;AACA;;AACA;;;;;;;;AAEAA,QAAQ,CAAC,yBAAD,EAA4B,YAAM;AACtC,MAAIC,QAAJ,EAAcC,GAAd,EAAmBC,KAAnB,EAA0BC,MAA1B;AACAC,EAAAA,UAAU,CAAC,YAAM;AACb,QAAIC,iBAAQC,MAAZ,EAAoB;AAChBD,uBAAQC,MAAR,CAAe;AAACC,QAAAA,kBAAkB,EAAE,KAArB;AAA4BC,QAAAA,aAAa,EAAC;AAA1C,OAAf;;AACAH,uBAAQI,YAAR,CAAqB,YAArB,EAAmCC,kBAAnC;;AACAC,MAAAA,OAAO,CAAC,YAAD,CAAP;;AACAC,MAAAA,MAAM,CAACF,KAAP,GAAeA,kBAAf;AACAV,MAAAA,QAAQ,GAAGW,OAAO,CAAC,kBAAD,CAAP,CAA4BX,QAAvC;AACAC,MAAAA,GAAG,GAAGU,OAAO,CAAC,WAAD,CAAP,CAAqBE,OAA3B,CANgB,CAOhB;;AACAX,MAAAA,KAAK,GAAGS,OAAO,CAAC,kBAAD,CAAP,CAA4BT,KAApC;AACAC,MAAAA,MAAM,GAAGQ,OAAO,CAAC,kBAAD,CAAP,CAA4BR,MAArC,CATgB,CAUhB;AACH;AACJ,GAbS,CAAV;AAeAW,EAAAA,SAAS,CAAC,YAAM;AACZ,QAAIT,iBAAQC,MAAZ,EAAoB;AAChBD,uBAAQU,cAAR,CAAuB,YAAvB;;AACAV,uBAAQW,OAAR;AACH;AACJ,GALQ,CAAT;AAOAC,EAAAA,EAAE,CAAC,4CAAD,EAA+C,UAACC,IAAD,EAAU;AACvD,QAAMC,QAAQ,GAAG,MAAjB;AACA,QAAMC,QAAQ,GAAG,IAAjB;AAEA,mCAAQnB,GAAR,aAAoB;AAChBoB,MAAAA,MAAM,EAAE,MADQ;AAEhBC,MAAAA,OAAO,EAAE;AAAC,wBAAe;AAAhB,OAFO;AAGhBC,MAAAA,IAAI,EAAC;AAACJ,QAAAA,QAAQ,EAARA,QAAD;AAAWK,QAAAA,MAAM,EAAC;AAAlB;AAHW,KAApB;AAMAtB,IAAAA,KAAK,CAACiB,QAAD,EAAWC,QAAX,CAAL,CACI,UAACK,MAAD,EAAY;AACR,cAAQA,MAAM,CAACC,IAAf;AACI,aAAKC,WAAW,CAACC,QAAjB;AACI,4BAAOH,MAAM,CAACI,OAAd,EAAuBC,EAAvB,CAA0BC,GAA1B,CAA8B,OAA9B;AACA;AAHR;AAKH,KAPL;AASAb,IAAAA,IAAI;AACP,GApBC,CAAF;AAsBAD,EAAAA,EAAE,CAAC,mCAAD,EAAsC,UAACC,IAAD,EAAU;AAC9C,QAAMC,QAAQ,GAAG,SAAjB;AACA,QAAMC,QAAQ,GAAG,SAAjB;AAEA,mCAAQnB,GAAR,aAAoB;AAChBoB,MAAAA,MAAM,EAAE,MADQ;AAEhBC,MAAAA,OAAO,EAAE;AAAC,wBAAe;AAAhB,OAFO;AAGhBU,MAAAA,MAAM,EAAE;AAHQ,KAApB;AAMA9B,IAAAA,KAAK,CAACiB,QAAD,EAAWC,QAAX,CAAL,CACI,UAACK,MAAD,EAAY;AACA,wBAAOA,MAAM,CAACC,IAAd,EAAoBI,EAApB,CAAuBC,GAAvB,CAA2BJ,WAAW,CAACM,YAAvC;AACA,wBAAOR,MAAM,CAACI,OAAd,EAAuBC,EAAvB,CAA0BC,GAA1B,CAA8B,8BAA9B;AACX,KAJL;AAMAb,IAAAA,IAAI;AACP,GAjBC,CAAF;AAmBAD,EAAAA,EAAE,CAAC,+EAAD,EAAkF,UAACC,IAAD,EAAU;AAC1F,QAAMC,QAAQ,GAAG,SAAjB;AACA,QAAMC,QAAQ,GAAG,SAAjB;AAEA,mCAAQnB,GAAR,aAAoB;AAChBoB,MAAAA,MAAM,EAAE,MADQ;AAEhBC,MAAAA,OAAO,EAAE;AAAC,wBAAe;AAAhB,OAFO;AAGhBU,MAAAA,MAAM,EAAE;AAHQ,KAApB;AAMA9B,IAAAA,KAAK,CAACiB,QAAD,EAAWC,QAAX,CAAL,CACI,UAACK,MAAD,EAAY;AACA,wBAAOA,MAAM,CAACC,IAAd,EAAoBI,EAApB,CAAuBC,GAAvB,CAA2BJ,WAAW,CAACM,YAAvC;AACA,wBAAOR,MAAM,CAACI,OAAd,EAAuBC,EAAvB,CAA0BC,GAA1B,CAA8B,8BAA9B;AACX,KAJL;AAMAb,IAAAA,IAAI;AACP,GAjBC,CAAF;AAmBAD,EAAAA,EAAE,CAAC,uDAAD,EAA0D,UAACC,IAAD,EAAU;AAClE,mCAAQjB,GAAR,cAAqB;AACjBoB,MAAAA,MAAM,EAAE,KADS;AAEjBC,MAAAA,OAAO,EAAE;AAAC,wBAAe;AAAhB;AAFQ,KAArB;AAIAnB,IAAAA,MAAM,GACF,UAACsB,MAAD,EAAY;AACR,wBAAOA,MAAM,CAACC,IAAd,EAAoBI,EAApB,CAAuBC,GAAvB,CAA2BJ,WAAW,CAACO,cAAvC;AACH,KAHC,CAAN;AAKAhB,IAAAA,IAAI;AACP,GAXC,CAAF;AAaH,CAjGO,CAAR;AAmGAnB,QAAQ,CAAC,0BAAD,EAA6B,YAAM;AACvC,MAAIC,QAAJ,EAAcC,GAAd,EAAmBkC,WAAnB;AACA/B,EAAAA,UAAU,CAAC,YAAM;AACb,QAAIC,iBAAQC,MAAZ,EAAoB;AAChBD,uBAAQC,MAAR,CAAe;AAACC,QAAAA,kBAAkB,EAAE,KAArB;AAA4BC,QAAAA,aAAa,EAAC;AAA1C,OAAf;;AACAH,uBAAQI,YAAR,CAAqB,YAArB,EAAmCC,kBAAnC;;AACAC,MAAAA,OAAO,CAAC,YAAD,CAAP;;AACAC,MAAAA,MAAM,CAACF,KAAP,GAAeA,kBAAf;AACAV,MAAAA,QAAQ,GAAGW,OAAO,CAAC,kBAAD,CAAP,CAA4BX,QAAvC;AACAC,MAAAA,GAAG,GAAGU,OAAO,CAAC,WAAD,CAAP,CAAqBE,OAA3B;AACAsB,MAAAA,WAAW,GAAGxB,OAAO,CAAC,kBAAD,CAAP,CAA4BwB,WAA1C;AACH;AACJ,GAVS,CAAV;AAYArB,EAAAA,SAAS,CAAC,YAAM;AACZ,QAAIT,iBAAQC,MAAZ,EAAoB;AAChBD,uBAAQU,cAAR,CAAuB,YAAvB;;AACAV,uBAAQW,OAAR;AACH;AACJ,GALQ,CAAT;AAOAC,EAAAA,EAAE,CAAC,6CAAD,EAAgD,UAACC,IAAD,EAAU;AACxD,QAAMkB,KAAK,GAAG,SAAd;AACA,QAAMC,GAAG,GAAG;AAAElB,MAAAA,QAAQ,EAAC,MAAX;AAAmBmB,MAAAA,MAAM,EAAC;AAA1B,KAAZ;AACA,mCAAQrC,GAAR,oBAA2B;AACvBqB,MAAAA,OAAO,EAAE;AAAC,wBAAe;AAAhB,OADc;AAEvBC,MAAAA,IAAI,EAAE;AAAEgB,QAAAA,OAAO,EAAE,CACb;AAAEpB,UAAAA,QAAQ,EAAC,MAAX;AAAmBmB,UAAAA,MAAM,EAAC;AAA1B,SADa;AAAX;AAFiB,KAA3B;AAOAH,IAAAA,WAAW,GACP,UAAAV,MAAM,EAAI;AACN,wBAAOA,MAAM,CAACC,IAAd,EAAoBI,EAApB,CAAuBC,GAAvB,CAA2BJ,WAAW,CAACa,WAAvC;AACH,KAHM,CAAX;AAKAtB,IAAAA,IAAI;AACP,GAhBC,CAAF;AAkBH,CAvCO,CAAR;AAyCAnB,QAAQ,CAAC,0BAAD,EAA6B,YAAM;AACvC,MAAIC,QAAJ,EAAcC,GAAd,EAAmBwC,aAAnB;AACArC,EAAAA,UAAU,CAAC,YAAM;AACb,QAAIC,iBAAQC,MAAZ,EAAoB;AAChBD,uBAAQC,MAAR,CAAe;AAACC,QAAAA,kBAAkB,EAAE,KAArB;AAA4BC,QAAAA,aAAa,EAAC;AAA1C,OAAf;;AACAH,uBAAQI,YAAR,CAAqB,YAArB,EAAmCC,kBAAnC;;AACAC,MAAAA,OAAO,CAAC,YAAD,CAAP;;AACAC,MAAAA,MAAM,CAACF,KAAP,GAAeA,kBAAf;AACAV,MAAAA,QAAQ,GAAGW,OAAO,CAAC,kBAAD,CAAP,CAA4BX,QAAvC;AACAC,MAAAA,GAAG,GAAGU,OAAO,CAAC,WAAD,CAAP,CAAqBE,OAA3B;AACA4B,MAAAA,aAAa,GAAG9B,OAAO,CAAC,kBAAD,CAAP,CAA4B8B,aAA5C;AACH;AACJ,GAVS,CAAV;AAYA3B,EAAAA,SAAS,CAAC,YAAM;AACZ,QAAIT,iBAAQC,MAAZ,EAAoB;AAChBD,uBAAQU,cAAR,CAAuB,YAAvB;;AACAV,uBAAQW,OAAR;AACH;AACJ,GALQ,CAAT;AAOAC,EAAAA,EAAE,CAAC,kDAAD,EAAqD,UAACC,IAAD,EAAU;AAC7D,mCAAQjB,GAAR,gBAAuB;AACnBqB,MAAAA,OAAO,EAAE;AAAC,wBAAe;AAAhB,OADU;AAEnBC,MAAAA,IAAI,EAAE;AAAEmB,QAAAA,QAAQ,EAAE,CACd;AAAEC,UAAAA,EAAE,EAAC,CAAL;AAAQC,UAAAA,MAAM,EAAE,KAAhB;AAAuBC,UAAAA,IAAI,EAAC;AAA5B,SADc,EAEd;AAAEF,UAAAA,EAAE,EAAC,CAAL;AAAQC,UAAAA,MAAM,EAAE,KAAhB;AAAuBC,UAAAA,IAAI,EAAC;AAA5B,SAFc,EAGd;AAAEF,UAAAA,EAAE,EAAC,CAAL;AAAQC,UAAAA,MAAM,EAAE,KAAhB;AAAuBC,UAAAA,IAAI,EAAC;AAA5B,SAHc;AAAZ;AAFa,KAAvB;AASAJ,IAAAA,aAAa,GACT,UAAAhB,MAAM,EAAI;AACN,wBAAOA,MAAM,CAACC,IAAd,EAAoBI,EAApB,CAAuBC,GAAvB,CAA2BJ,WAAW,CAACa,WAAvC;AACA,wBAAOf,MAAM,CAACI,OAAP,CAAea,QAAf,CAAwBI,MAA/B,EAAuChB,EAAvC,CAA0CC,GAA1C,CAA8C,CAA9C;AACH,KAJQ,CAAb;AAMAb,IAAAA,IAAI;AACP,GAjBC,CAAF;AAkBH,CAvCO,CAAR","sourceRoot":"C:\\Users\\FengV\\Desktop\\web-dev\\ricebook\\frontend\\src\\redux","sourcesContent":["import { expect } from 'chai'\r\nimport mockery from 'mockery'\r\nimport fetch, { mock } from 'mock-fetch'\r\nimport * as ActionTypes from './ActionTypes';\r\nimport { logout, fetchField, fetchAvatar } from './ActionCreators';\r\nimport { ActionLogs } from './actionLogs';\r\n\r\ndescribe('Validate Authentication', () => {\r\n    let resource, url, login, logout;\r\n    beforeEach(() => {\r\n        if (mockery.enable) {\r\n            mockery.enable({warnOnUnregistered: false, useCleanCache:true})\r\n            mockery.registerMock('node-fetch', fetch)\r\n            require('node-fetch')\r\n            global.fetch = fetch\r\n            resource = require('./ActionCreators').resource\r\n            url = require('./baseUrl').baseUrl\r\n            //authActions = require('./authActions')\r\n            login = require('./ActionCreators').login\r\n            logout = require('./ActionCreators').logout\r\n            //logoutUser = require('./authActions').logoutUser\r\n        }\r\n    })\r\n\r\n    afterEach(() => {\r\n        if (mockery.enable) {\r\n            mockery.deregisterMock('node-fetch')\r\n            mockery.disable()\r\n        }\r\n    })\r\n\r\n    it('should log in a previously registered user', (done) => {\r\n        const username = 'name'\r\n        const password = 'pw'\r\n\r\n        mock(`${url}/login`,{\r\n            method: 'POST',\r\n            headers: {'Content-Type':'application/json'},\r\n            json:{username, result:'success'}\r\n        })\r\n\r\n        login(username, password)(\r\n            (action) => {\r\n                switch (action.type) {\r\n                    case ActionTypes.NEVIGATE:\r\n                        expect(action.payload).to.eql('/main')\r\n                        break\r\n                }\r\n            }\r\n        )\r\n        done()\r\n    })\r\n\r\n    it('should not log in an invalid user', (done) => {\r\n        const username = 'invalid'\r\n        const password = 'invalid'\r\n\r\n        mock(`${url}/login`,{\r\n            method: 'POST',\r\n            headers: {'Content-Type':'application/json'},\r\n            status: 401\r\n        })\r\n\r\n        login(username, password)(\r\n            (action) => {\r\n                        expect(action.type).to.eql(ActionTypes.LOGIN_FALIED);\r\n                        expect(action.payload).to.eql('Invalid username or password');\r\n            }\r\n        )\r\n        done()\r\n    })\r\n\r\n    it('should update error message state (for displaying login error mesage to user)', (done) => {\r\n        const username = 'invalid'\r\n        const password = 'invalid'\r\n\r\n        mock(`${url}/login`,{\r\n            method: 'POST',\r\n            headers: {'Content-Type':'application/json'},\r\n            status: 401\r\n        })\r\n\r\n        login(username, password)(\r\n            (action) => {\r\n                        expect(action.type).to.eql(ActionTypes.LOGIN_FALIED);\r\n                        expect(action.payload).to.eql('Invalid username or password');\r\n            }\r\n        )\r\n        done()\r\n    })\r\n\r\n    it('should log out a user (login state should be cleared)', (done) => {\r\n        mock(`${url}/logout`,{\r\n            method: 'PUT',\r\n            headers: {'Content-Type':'application/json'}\r\n        })\r\n        logout()(\r\n            (action) => {\r\n                expect(action.type).to.eql(ActionTypes.LOGOUT_SUCCEED);\r\n            }\r\n        )\r\n        done()\r\n    })\r\n    \r\n})\r\n\r\ndescribe('Validate Profile actions', () => {\r\n    let resource, url, fetchAvatar;\r\n    beforeEach(() => {\r\n        if (mockery.enable) {\r\n            mockery.enable({warnOnUnregistered: false, useCleanCache:true})\r\n            mockery.registerMock('node-fetch', fetch)\r\n            require('node-fetch')\r\n            global.fetch = fetch\r\n            resource = require('./ActionCreators').resource\r\n            url = require('./baseUrl').baseUrl\r\n            fetchAvatar = require('./ActionCreators').fetchAvatar\r\n        }\r\n    })\r\n\r\n    afterEach(() => {\r\n        if (mockery.enable) {\r\n            mockery.deregisterMock('node-fetch')\r\n            mockery.disable()\r\n        }\r\n    })\r\n\r\n    it('should fetch the user\\'s proile information', (done) => {\r\n        const field = 'avatars';\r\n        const res = { username:'name', avatar:'avatarUrl' };\r\n        mock(`${url}/avatars/name`,{\r\n            headers: {'Content-Type':'application/json'},\r\n            json: { avatars: [\r\n                { username:'name', avatar:'avatarUrl' }\r\n            ]}\r\n        })\r\n\r\n        fetchAvatar()(\r\n            action => {\r\n                expect(action.type).to.eql(ActionTypes.FETCH_FIELD);\r\n            }\r\n        )\r\n        done()\r\n    })\r\n\r\n})\r\n\r\ndescribe('Validate Article actions', () => {\r\n    let resource, url, fetchArticles;\r\n    beforeEach(() => {\r\n        if (mockery.enable) {\r\n            mockery.enable({warnOnUnregistered: false, useCleanCache:true})\r\n            mockery.registerMock('node-fetch', fetch)\r\n            require('node-fetch')\r\n            global.fetch = fetch\r\n            resource = require('./ActionCreators').resource\r\n            url = require('./baseUrl').baseUrl\r\n            fetchArticles = require('./ActionCreators').fetchArticles\r\n        }\r\n    })\r\n\r\n    afterEach(() => {\r\n        if (mockery.enable) {\r\n            mockery.deregisterMock('node-fetch')\r\n            mockery.disable()\r\n        }\r\n    })\r\n\r\n    it('should fetch articles for current logged in user', (done) => {\r\n        mock(`${url}/articles`,{\r\n            headers: {'Content-Type':'application/json'},\r\n            json: { articles: [\r\n                { id:1, author: 'fzw', text:'post 1' },\r\n                { id:2, author: 'fzw', text:'post 2' },\r\n                { id:3, author: 'fzw', text:'post 3' }\r\n            ]}\r\n        })\r\n\r\n        fetchArticles()(\r\n            action => {\r\n                expect(action.type).to.eql(ActionTypes.FETCH_FIELD);\r\n                expect(action.payload.articles.length).to.eql(3);\r\n            }\r\n        )\r\n        done();\r\n    })\r\n})\r\n\r\n\r\n"]},"_coverageSchema":"1a1c01bbd47fc00a2c39e90264f33305004495a9","hash":"f1b722f397a39a6c8bf6ac36fa403116b64ee39f","contentHash":"0890a2f852b43466b4379295dc11a8aceb29f6c3dabe77f9039105c52a870617"},"C:\\Users\\FengV\\Desktop\\web-dev\\ricebook\\frontend\\src\\redux\\ActionTypes.js":{"path":"C:\\Users\\FengV\\Desktop\\web-dev\\ricebook\\frontend\\src\\redux\\ActionTypes.js","statementMap":{"0":{"start":{"line":3,"column":0},"end":{"line":5,"column":3}},"1":{"start":{"line":6,"column":0},"end":{"line":6,"column":367}},"2":{"start":{"line":11,"column":19},"end":{"line":11,"column":33}},"3":{"start":{"line":12,"column":0},"end":{"line":12,"column":36}},"4":{"start":{"line":13,"column":20},"end":{"line":13,"column":35}},"5":{"start":{"line":14,"column":0},"end":{"line":14,"column":38}},"6":{"start":{"line":15,"column":20},"end":{"line":15,"column":35}},"7":{"start":{"line":16,"column":0},"end":{"line":16,"column":38}},"8":{"start":{"line":17,"column":23},"end":{"line":17,"column":41}},"9":{"start":{"line":18,"column":0},"end":{"line":18,"column":44}},"10":{"start":{"line":19,"column":25},"end":{"line":19,"column":45}},"11":{"start":{"line":20,"column":0},"end":{"line":20,"column":48}},"12":{"start":{"line":21,"column":28},"end":{"line":21,"column":51}},"13":{"start":{"line":22,"column":0},"end":{"line":22,"column":54}},"14":{"start":{"line":23,"column":18},"end":{"line":23,"column":31}},"15":{"start":{"line":24,"column":0},"end":{"line":24,"column":34}},"16":{"start":{"line":25,"column":21},"end":{"line":25,"column":37}},"17":{"start":{"line":26,"column":0},"end":{"line":26,"column":40}},"18":{"start":{"line":27,"column":30},"end":{"line":27,"column":55}},"19":{"start":{"line":28,"column":0},"end":{"line":28,"column":58}},"20":{"start":{"line":29,"column":27},"end":{"line":29,"column":49}},"21":{"start":{"line":30,"column":0},"end":{"line":30,"column":52}},"22":{"start":{"line":31,"column":19},"end":{"line":31,"column":33}},"23":{"start":{"line":32,"column":0},"end":{"line":32,"column":36}},"24":{"start":{"line":33,"column":18},"end":{"line":33,"column":31}},"25":{"start":{"line":34,"column":0},"end":{"line":34,"column":34}},"26":{"start":{"line":35,"column":21},"end":{"line":35,"column":37}},"27":{"start":{"line":36,"column":0},"end":{"line":36,"column":40}},"28":{"start":{"line":37,"column":15},"end":{"line":37,"column":25}},"29":{"start":{"line":38,"column":0},"end":{"line":38,"column":28}}},"fnMap":{},"branchMap":{},"s":{"0":7,"1":7,"2":7,"3":7,"4":7,"5":7,"6":7,"7":7,"8":7,"9":7,"10":7,"11":7,"12":7,"13":7,"14":7,"15":7,"16":7,"17":7,"18":7,"19":7,"20":7,"21":7,"22":7,"23":7,"24":7,"25":7,"26":7,"27":7,"28":7,"29":7},"f":{},"b":{},"inputSourceMap":{"version":3,"sources":["ActionTypes.js"],"names":["LOGIN_FAILED","LOGIN_SUCCESS","REGISTER_FAIL","REGISTER_SUCCEED","UPLOAD_AVATAR_FAIL","UPLOAD_AVATAR_SUCCEED","LOGOUT_FAIL","LOGOUT_SUCCEED","UPLOAD_HEADLINE_SUCCEED","UPLOAD_HEADLINE_FAIL","ADD_ARTICLES","FETCH_FIELD","EXTRACT_AVATAR","NEVIGATE"],"mappings":";;;;;;AAAA;AACA;AACA;AACA;AACO,IAAMA,YAAY,GAAG,cAArB;;AACA,IAAMC,aAAa,GAAG,eAAtB;;AAEA,IAAMC,aAAa,GAAG,eAAtB;;AACA,IAAMC,gBAAgB,GAAG,kBAAzB;;AAEA,IAAMC,kBAAkB,GAAG,oBAA3B;;AACA,IAAMC,qBAAqB,GAAG,uBAA9B;;AAEA,IAAMC,WAAW,GAAG,aAApB;;AACA,IAAMC,cAAc,GAAG,gBAAvB;;AAEA,IAAMC,uBAAuB,GAAG,yBAAhC;;AACA,IAAMC,oBAAoB,GAAG,sBAA7B;;AAEA,IAAMC,YAAY,GAAG,cAArB;;AAEA,IAAMC,WAAW,GAAG,aAApB;;AAEA,IAAMC,cAAc,GAAG,gBAAvB;;AAEA,IAAMC,QAAQ,GAAG,UAAjB","sourceRoot":"C:\\Users\\FengV\\Desktop\\web-dev\\ricebook\\frontend\\src\\redux","sourcesContent":["//export const ADD_USERS = 'ADD_USERS';\r\n//export const ADD_POSTS = 'ADD_POSTS';\r\n//export const LOGIN = 'LOGIN';\r\n//export const LOGOUT = 'LOGOUT';\r\nexport const LOGIN_FAILED = 'LOGIN_FAILED';\r\nexport const LOGIN_SUCCESS = 'LOGIN_SUCCESS';\r\n\r\nexport const REGISTER_FAIL = 'REGISTER_FAIL';\r\nexport const REGISTER_SUCCEED = 'REGISTER_SUCCEED';\r\n\r\nexport const UPLOAD_AVATAR_FAIL = 'UPLOAD_AVATAR_FAIL';\r\nexport const UPLOAD_AVATAR_SUCCEED = 'UPLOAD_AVATAR_SUCCESS';\r\n\r\nexport const LOGOUT_FAIL = 'LOGOUT_FAIL';\r\nexport const LOGOUT_SUCCEED = 'LOGOUT_SUCCEED';\r\n\r\nexport const UPLOAD_HEADLINE_SUCCEED = 'UPLOAD_HEADLINE_SUCCEED';\r\nexport const UPLOAD_HEADLINE_FAIL = 'UPLOAD_HEADLINE_FAIL';\r\n\r\nexport const ADD_ARTICLES = 'ADD_ARTICLES';\r\n\r\nexport const FETCH_FIELD = 'FETCH_FIELD';\r\n\r\nexport const EXTRACT_AVATAR = 'EXTRACT_AVATAR';\r\n\r\nexport const NEVIGATE = 'NEVIGATE';"]},"_coverageSchema":"1a1c01bbd47fc00a2c39e90264f33305004495a9","hash":"97659de4d598f613073d828f42c4c58d29375162","contentHash":"e6716a6f57876335a488905dd18832f81e4133969c6b86666090a284757db0fa"},"C:\\Users\\FengV\\Desktop\\web-dev\\ricebook\\frontend\\src\\redux\\ActionCreators.js":{"path":"C:\\Users\\FengV\\Desktop\\web-dev\\ricebook\\frontend\\src\\redux\\ActionCreators.js","statementMap":{"0":{"start":{"line":3,"column":24},"end":{"line":3,"column":328}},"1":{"start":{"line":3,"column":99},"end":{"line":3,"column":154}},"2":{"start":{"line":3,"column":133},"end":{"line":3,"column":151}},"3":{"start":{"line":3,"column":164},"end":{"line":3,"column":326}},"4":{"start":{"line":3,"column":198},"end":{"line":3,"column":323}},"5":{"start":{"line":3,"column":329},"end":{"line":3,"column":349}},"6":{"start":{"line":5,"column":0},"end":{"line":7,"column":3}},"7":{"start":{"line":8,"column":0},"end":{"line":8,"column":765}},"8":{"start":{"line":10,"column":18},"end":{"line":10,"column":67}},"9":{"start":{"line":12,"column":15},"end":{"line":12,"column":35}},"10":{"start":{"line":14,"column":38},"end":{"line":14,"column":85}},"11":{"start":{"line":14,"column":73},"end":{"line":14,"column":85}},"12":{"start":{"line":14,"column":98},"end":{"line":14,"column":111}},"13":{"start":{"line":14,"column":113},"end":{"line":14,"column":194}},"14":{"start":{"line":14,"column":178},"end":{"line":14,"column":191}},"15":{"start":{"line":14,"column":195},"end":{"line":14,"column":208}},"16":{"start":{"line":16,"column":40},"end":{"line":16,"column":82}},"17":{"start":{"line":16,"column":69},"end":{"line":16,"column":80}},"18":{"start":{"line":16,"column":83},"end":{"line":16,"column":187}},"19":{"start":{"line":16,"column":161},"end":{"line":16,"column":185}},"20":{"start":{"line":16,"column":200},"end":{"line":16,"column":226}},"21":{"start":{"line":16,"column":228},"end":{"line":16,"column":283}},"22":{"start":{"line":16,"column":259},"end":{"line":16,"column":281}},"23":{"start":{"line":16,"column":297},"end":{"line":16,"column":299}},"24":{"start":{"line":16,"column":329},"end":{"line":16,"column":385}},"25":{"start":{"line":16,"column":387},"end":{"line":16,"column":667}},"26":{"start":{"line":16,"column":410},"end":{"line":16,"column":665}},"27":{"start":{"line":16,"column":475},"end":{"line":16,"column":547}},"28":{"start":{"line":16,"column":549},"end":{"line":16,"column":663}},"29":{"start":{"line":16,"column":587},"end":{"line":16,"column":628}},"30":{"start":{"line":16,"column":638},"end":{"line":16,"column":661}},"31":{"start":{"line":16,"column":668},"end":{"line":16,"column":689}},"32":{"start":{"line":16,"column":690},"end":{"line":16,"column":728}},"33":{"start":{"line":16,"column":703},"end":{"line":16,"column":726}},"34":{"start":{"line":16,"column":729},"end":{"line":16,"column":743}},"35":{"start":{"line":18,"column":14},"end":{"line":47,"column":1}},"36":{"start":{"line":19,"column":20},"end":{"line":22,"column":3}},"37":{"start":{"line":24,"column":2},"end":{"line":28,"column":3}},"38":{"start":{"line":25,"column":4},"end":{"line":27,"column":6}},"39":{"start":{"line":30,"column":2},"end":{"line":32,"column":3}},"40":{"start":{"line":31,"column":4},"end":{"line":31,"column":28}},"41":{"start":{"line":34,"column":2},"end":{"line":46,"column":5}},"42":{"start":{"line":35,"column":4},"end":{"line":41,"column":5}},"43":{"start":{"line":36,"column":6},"end":{"line":36,"column":22}},"44":{"start":{"line":38,"column":18},"end":{"line":38,"column":84}},"45":{"start":{"line":39,"column":6},"end":{"line":39,"column":32}},"46":{"start":{"line":40,"column":6},"end":{"line":40,"column":18}},"47":{"start":{"line":43,"column":4},"end":{"line":43,"column":16}},"48":{"start":{"line":45,"column":4},"end":{"line":45,"column":104}},"49":{"start":{"line":49,"column":0},"end":{"line":49,"column":26}},"50":{"start":{"line":51,"column":12},"end":{"line":75,"column":1}},"51":{"start":{"line":52,"column":2},"end":{"line":74,"column":4}},"52":{"start":{"line":53,"column":4},"end":{"line":73,"column":7}},"53":{"start":{"line":57,"column":6},"end":{"line":57,"column":39}},"54":{"start":{"line":59,"column":6},"end":{"line":59,"column":40}},"55":{"start":{"line":61,"column":6},"end":{"line":61,"column":56}},"56":{"start":{"line":63,"column":6},"end":{"line":63,"column":38}},"57":{"start":{"line":65,"column":6},"end":{"line":65,"column":51}},"58":{"start":{"line":66,"column":6},"end":{"line":66,"column":51}},"59":{"start":{"line":67,"column":6},"end":{"line":67,"column":54}},"60":{"start":{"line":68,"column":6},"end":{"line":68,"column":50}},"61":{"start":{"line":70,"column":6},"end":{"line":70,"column":41}},"62":{"start":{"line":72,"column":6},"end":{"line":72,"column":67}},"63":{"start":{"line":77,"column":0},"end":{"line":77,"column":22}},"64":{"start":{"line":79,"column":15},"end":{"line":93,"column":1}},"65":{"start":{"line":80,"column":2},"end":{"line":92,"column":4}},"66":{"start":{"line":81,"column":4},"end":{"line":91,"column":7}},"67":{"start":{"line":88,"column":6},"end":{"line":88,"column":41}},"68":{"start":{"line":90,"column":6},"end":{"line":90,"column":51}},"69":{"start":{"line":95,"column":0},"end":{"line":95,"column":28}},"70":{"start":{"line":97,"column":13},"end":{"line":111,"column":1}},"71":{"start":{"line":98,"column":2},"end":{"line":110,"column":4}},"72":{"start":{"line":99,"column":4},"end":{"line":109,"column":7}},"73":{"start":{"line":100,"column":6},"end":{"line":100,"column":44}},"74":{"start":{"line":102,"column":6},"end":{"line":102,"column":60}},"75":{"start":{"line":104,"column":6},"end":{"line":104,"column":62}},"76":{"start":{"line":106,"column":6},"end":{"line":106,"column":39}},"77":{"start":{"line":108,"column":6},"end":{"line":108,"column":49}},"78":{"start":{"line":113,"column":0},"end":{"line":113,"column":24}},"79":{"start":{"line":115,"column":27},"end":{"line":145,"column":1}},"80":{"start":{"line":116,"column":2},"end":{"line":144,"column":4}},"81":{"start":{"line":117,"column":26},"end":{"line":117,"column":67}},"82":{"start":{"line":119,"column":4},"end":{"line":143,"column":5}},"83":{"start":{"line":120,"column":6},"end":{"line":120,"column":31}},"84":{"start":{"line":121,"column":21},"end":{"line":121,"column":55}},"85":{"start":{"line":122,"column":21},"end":{"line":122,"column":55}},"86":{"start":{"line":123,"column":6},"end":{"line":142,"column":9}},"87":{"start":{"line":127,"column":8},"end":{"line":127,"column":41}},"88":{"start":{"line":129,"column":8},"end":{"line":129,"column":42}},"89":{"start":{"line":131,"column":8},"end":{"line":131,"column":58}},"90":{"start":{"line":133,"column":8},"end":{"line":133,"column":40}},"91":{"start":{"line":135,"column":8},"end":{"line":135,"column":53}},"92":{"start":{"line":136,"column":8},"end":{"line":136,"column":53}},"93":{"start":{"line":137,"column":8},"end":{"line":137,"column":56}},"94":{"start":{"line":139,"column":8},"end":{"line":139,"column":70}},"95":{"start":{"line":141,"column":8},"end":{"line":141,"column":52}},"96":{"start":{"line":147,"column":0},"end":{"line":147,"column":52}},"97":{"start":{"line":149,"column":19},"end":{"line":159,"column":1}},"98":{"start":{"line":150,"column":2},"end":{"line":158,"column":4}},"99":{"start":{"line":151,"column":4},"end":{"line":157,"column":7}},"100":{"start":{"line":152,"column":6},"end":{"line":152,"column":39}},"101":{"start":{"line":154,"column":6},"end":{"line":154,"column":45}},"102":{"start":{"line":156,"column":6},"end":{"line":156,"column":55}},"103":{"start":{"line":161,"column":0},"end":{"line":161,"column":36}},"104":{"start":{"line":163,"column":21},"end":{"line":175,"column":1}},"105":{"start":{"line":164,"column":2},"end":{"line":174,"column":4}},"106":{"start":{"line":165,"column":4},"end":{"line":173,"column":7}},"107":{"start":{"line":168,"column":6},"end":{"line":168,"column":39}},"108":{"start":{"line":170,"column":6},"end":{"line":170,"column":47}},"109":{"start":{"line":172,"column":6},"end":{"line":172,"column":57}},"110":{"start":{"line":177,"column":0},"end":{"line":177,"column":40}},"111":{"start":{"line":179,"column":15},"end":{"line":189,"column":1}},"112":{"start":{"line":180,"column":2},"end":{"line":188,"column":4}},"113":{"start":{"line":181,"column":4},"end":{"line":187,"column":7}},"114":{"start":{"line":182,"column":6},"end":{"line":182,"column":40}},"115":{"start":{"line":184,"column":6},"end":{"line":184,"column":39}},"116":{"start":{"line":186,"column":6},"end":{"line":186,"column":40}},"117":{"start":{"line":191,"column":0},"end":{"line":191,"column":28}},"118":{"start":{"line":193,"column":13},"end":{"line":203,"column":1}},"119":{"start":{"line":194,"column":2},"end":{"line":202,"column":4}},"120":{"start":{"line":195,"column":4},"end":{"line":201,"column":7}},"121":{"start":{"line":196,"column":6},"end":{"line":196,"column":40}},"122":{"start":{"line":198,"column":6},"end":{"line":198,"column":39}},"123":{"start":{"line":200,"column":6},"end":{"line":200,"column":40}},"124":{"start":{"line":205,"column":0},"end":{"line":205,"column":24}},"125":{"start":{"line":207,"column":17},"end":{"line":213,"column":1}},"126":{"start":{"line":208,"column":2},"end":{"line":212,"column":4}},"127":{"start":{"line":209,"column":4},"end":{"line":211,"column":7}},"128":{"start":{"line":210,"column":6},"end":{"line":210,"column":40}},"129":{"start":{"line":215,"column":0},"end":{"line":215,"column":32}},"130":{"start":{"line":217,"column":18},"end":{"line":227,"column":1}},"131":{"start":{"line":218,"column":2},"end":{"line":226,"column":4}},"132":{"start":{"line":219,"column":4},"end":{"line":225,"column":7}},"133":{"start":{"line":222,"column":6},"end":{"line":222,"column":50}},"134":{"start":{"line":224,"column":6},"end":{"line":224,"column":40}},"135":{"start":{"line":229,"column":0},"end":{"line":229,"column":34}},"136":{"start":{"line":231,"column":20},"end":{"line":241,"column":1}},"137":{"start":{"line":232,"column":2},"end":{"line":240,"column":4}},"138":{"start":{"line":233,"column":4},"end":{"line":239,"column":7}},"139":{"start":{"line":236,"column":6},"end":{"line":236,"column":54}},"140":{"start":{"line":238,"column":6},"end":{"line":238,"column":40}},"141":{"start":{"line":243,"column":0},"end":{"line":243,"column":38}},"142":{"start":{"line":245,"column":21},"end":{"line":253,"column":1}},"143":{"start":{"line":246,"column":2},"end":{"line":252,"column":4}},"144":{"start":{"line":247,"column":4},"end":{"line":251,"column":7}},"145":{"start":{"line":250,"column":6},"end":{"line":250,"column":40}},"146":{"start":{"line":255,"column":0},"end":{"line":255,"column":40}},"147":{"start":{"line":257,"column":18},"end":{"line":262,"column":1}},"148":{"start":{"line":258,"column":2},"end":{"line":261,"column":4}},"149":{"start":{"line":264,"column":0},"end":{"line":264,"column":34}},"150":{"start":{"line":266,"column":19},"end":{"line":270,"column":1}},"151":{"start":{"line":267,"column":2},"end":{"line":269,"column":4}},"152":{"start":{"line":272,"column":0},"end":{"line":272,"column":36}},"153":{"start":{"line":274,"column":22},"end":{"line":278,"column":1}},"154":{"start":{"line":275,"column":2},"end":{"line":277,"column":4}},"155":{"start":{"line":280,"column":0},"end":{"line":280,"column":42}},"156":{"start":{"line":282,"column":19},"end":{"line":287,"column":1}},"157":{"start":{"line":283,"column":2},"end":{"line":286,"column":4}},"158":{"start":{"line":289,"column":0},"end":{"line":289,"column":36}},"159":{"start":{"line":291,"column":26},"end":{"line":295,"column":1}},"160":{"start":{"line":292,"column":2},"end":{"line":294,"column":4}},"161":{"start":{"line":297,"column":0},"end":{"line":297,"column":50}},"162":{"start":{"line":299,"column":23},"end":{"line":304,"column":1}},"163":{"start":{"line":300,"column":2},"end":{"line":303,"column":4}},"164":{"start":{"line":306,"column":0},"end":{"line":306,"column":44}},"165":{"start":{"line":308,"column":28},"end":{"line":312,"column":1}},"166":{"start":{"line":309,"column":2},"end":{"line":311,"column":4}},"167":{"start":{"line":314,"column":0},"end":{"line":314,"column":54}},"168":{"start":{"line":316,"column":25},"end":{"line":321,"column":1}},"169":{"start":{"line":317,"column":2},"end":{"line":320,"column":4}},"170":{"start":{"line":323,"column":0},"end":{"line":323,"column":48}},"171":{"start":{"line":325,"column":20},"end":{"line":329,"column":1}},"172":{"start":{"line":326,"column":2},"end":{"line":328,"column":4}},"173":{"start":{"line":331,"column":0},"end":{"line":331,"column":38}},"174":{"start":{"line":333,"column":17},"end":{"line":338,"column":1}},"175":{"start":{"line":334,"column":2},"end":{"line":337,"column":4}},"176":{"start":{"line":340,"column":0},"end":{"line":340,"column":32}},"177":{"start":{"line":342,"column":20},"end":{"line":352,"column":1}},"178":{"start":{"line":343,"column":2},"end":{"line":351,"column":4}},"179":{"start":{"line":345,"column":17},"end":{"line":345,"column":80}},"180":{"start":{"line":346,"column":18},"end":{"line":350,"column":6}},"181":{"start":{"line":347,"column":6},"end":{"line":349,"column":9}},"182":{"start":{"line":348,"column":8},"end":{"line":348,"column":60}},"183":{"start":{"line":354,"column":0},"end":{"line":354,"column":38}},"184":{"start":{"line":356,"column":20},"end":{"line":362,"column":1}},"185":{"start":{"line":357,"column":2},"end":{"line":361,"column":4}},"186":{"start":{"line":358,"column":4},"end":{"line":360,"column":7}},"187":{"start":{"line":359,"column":6},"end":{"line":359,"column":67}},"188":{"start":{"line":364,"column":0},"end":{"line":364,"column":38}},"189":{"start":{"line":366,"column":18},"end":{"line":372,"column":1}},"190":{"start":{"line":367,"column":2},"end":{"line":371,"column":4}},"191":{"start":{"line":368,"column":4},"end":{"line":370,"column":7}},"192":{"start":{"line":369,"column":6},"end":{"line":369,"column":63}},"193":{"start":{"line":374,"column":0},"end":{"line":374,"column":34}},"194":{"start":{"line":376,"column":21},"end":{"line":407,"column":1}},"195":{"start":{"line":377,"column":2},"end":{"line":406,"column":4}},"196":{"start":{"line":378,"column":4},"end":{"line":405,"column":7}},"197":{"start":{"line":379,"column":6},"end":{"line":404,"column":7}},"198":{"start":{"line":380,"column":24},"end":{"line":385,"column":14}},"199":{"start":{"line":381,"column":10},"end":{"line":383,"column":12}},"200":{"start":{"line":384,"column":10},"end":{"line":384,"column":24}},"201":{"start":{"line":386,"column":27},"end":{"line":386,"column":55}},"202":{"start":{"line":387,"column":32},"end":{"line":391,"column":10}},"203":{"start":{"line":388,"column":10},"end":{"line":390,"column":13}},"204":{"start":{"line":389,"column":12},"end":{"line":389,"column":62}},"205":{"start":{"line":392,"column":30},"end":{"line":396,"column":10}},"206":{"start":{"line":393,"column":10},"end":{"line":395,"column":13}},"207":{"start":{"line":394,"column":12},"end":{"line":394,"column":58}},"208":{"start":{"line":397,"column":8},"end":{"line":401,"column":11}},"209":{"start":{"line":398,"column":10},"end":{"line":400,"column":15}},"210":{"start":{"line":399,"column":12},"end":{"line":399,"column":56}},"211":{"start":{"line":403,"column":8},"end":{"line":403,"column":46}},"212":{"start":{"line":409,"column":0},"end":{"line":409,"column":40}},"213":{"start":{"line":411,"column":20},"end":{"line":419,"column":1}},"214":{"start":{"line":412,"column":2},"end":{"line":418,"column":4}},"215":{"start":{"line":413,"column":4},"end":{"line":417,"column":7}},"216":{"start":{"line":414,"column":6},"end":{"line":414,"column":58}},"217":{"start":{"line":416,"column":6},"end":{"line":416,"column":40}},"218":{"start":{"line":421,"column":0},"end":{"line":421,"column":38}},"219":{"start":{"line":423,"column":18},"end":{"line":433,"column":1}},"220":{"start":{"line":424,"column":2},"end":{"line":432,"column":4}},"221":{"start":{"line":425,"column":4},"end":{"line":431,"column":7}},"222":{"start":{"line":428,"column":6},"end":{"line":428,"column":39}},"223":{"start":{"line":430,"column":6},"end":{"line":430,"column":40}},"224":{"start":{"line":435,"column":0},"end":{"line":435,"column":34}},"225":{"start":{"line":437,"column":17},"end":{"line":448,"column":1}},"226":{"start":{"line":438,"column":2},"end":{"line":447,"column":4}},"227":{"start":{"line":439,"column":4},"end":{"line":446,"column":7}},"228":{"start":{"line":443,"column":6},"end":{"line":443,"column":39}},"229":{"start":{"line":445,"column":6},"end":{"line":445,"column":40}},"230":{"start":{"line":450,"column":0},"end":{"line":450,"column":32}},"231":{"start":{"line":452,"column":18},"end":{"line":463,"column":1}},"232":{"start":{"line":453,"column":2},"end":{"line":462,"column":4}},"233":{"start":{"line":454,"column":4},"end":{"line":461,"column":7}},"234":{"start":{"line":458,"column":6},"end":{"line":458,"column":39}},"235":{"start":{"line":460,"column":6},"end":{"line":460,"column":40}},"236":{"start":{"line":465,"column":0},"end":{"line":465,"column":34}},"237":{"start":{"line":467,"column":17},"end":{"line":475,"column":1}},"238":{"start":{"line":468,"column":2},"end":{"line":474,"column":4}},"239":{"start":{"line":477,"column":0},"end":{"line":477,"column":32}},"240":{"start":{"line":479,"column":15},"end":{"line":484,"column":1}},"241":{"start":{"line":480,"column":2},"end":{"line":483,"column":4}},"242":{"start":{"line":486,"column":0},"end":{"line":486,"column":28}}},"fnMap":{"0":{"name":"_typeof","decl":{"start":{"line":3,"column":9},"end":{"line":3,"column":16}},"loc":{"start":{"line":3,"column":22},"end":{"line":3,"column":351}},"line":3},"1":{"name":"_typeof","decl":{"start":{"line":3,"column":118},"end":{"line":3,"column":125}},"loc":{"start":{"line":3,"column":131},"end":{"line":3,"column":153}},"line":3},"2":{"name":"_typeof","decl":{"start":{"line":3,"column":183},"end":{"line":3,"column":190}},"loc":{"start":{"line":3,"column":196},"end":{"line":3,"column":325}},"line":3},"3":{"name":"_getRequireWildcardCache","decl":{"start":{"line":14,"column":9},"end":{"line":14,"column":33}},"loc":{"start":{"line":14,"column":36},"end":{"line":14,"column":210}},"line":14},"4":{"name":"_getRequireWildcardCache","decl":{"start":{"line":14,"column":149},"end":{"line":14,"column":173}},"loc":{"start":{"line":14,"column":176},"end":{"line":14,"column":193}},"line":14},"5":{"name":"_interopRequireWildcard","decl":{"start":{"line":16,"column":9},"end":{"line":16,"column":32}},"loc":{"start":{"line":16,"column":38},"end":{"line":16,"column":745}},"line":16},"6":{"name":"request","decl":{"start":{"line":18,"column":23},"end":{"line":18,"column":30}},"loc":{"start":{"line":18,"column":58},"end":{"line":47,"column":1}},"line":18},"7":{"name":"(anonymous_7)","decl":{"start":{"line":34,"column":57},"end":{"line":34,"column":58}},"loc":{"start":{"line":34,"column":77},"end":{"line":42,"column":3}},"line":34},"8":{"name":"(anonymous_8)","decl":{"start":{"line":42,"column":5},"end":{"line":42,"column":6}},"loc":{"start":{"line":42,"column":22},"end":{"line":44,"column":3}},"line":42},"9":{"name":"(anonymous_9)","decl":{"start":{"line":44,"column":10},"end":{"line":44,"column":11}},"loc":{"start":{"line":44,"column":30},"end":{"line":46,"column":3}},"line":44},"10":{"name":"login","decl":{"start":{"line":51,"column":21},"end":{"line":51,"column":26}},"loc":{"start":{"line":51,"column":47},"end":{"line":75,"column":1}},"line":51},"11":{"name":"(anonymous_11)","decl":{"start":{"line":52,"column":9},"end":{"line":52,"column":10}},"loc":{"start":{"line":52,"column":29},"end":{"line":74,"column":3}},"line":52},"12":{"name":"(anonymous_12)","decl":{"start":{"line":56,"column":19},"end":{"line":56,"column":20}},"loc":{"start":{"line":56,"column":31},"end":{"line":58,"column":5}},"line":56},"13":{"name":"(anonymous_13)","decl":{"start":{"line":58,"column":12},"end":{"line":58,"column":13}},"loc":{"start":{"line":58,"column":24},"end":{"line":60,"column":5}},"line":58},"14":{"name":"(anonymous_14)","decl":{"start":{"line":60,"column":12},"end":{"line":60,"column":13}},"loc":{"start":{"line":60,"column":24},"end":{"line":62,"column":5}},"line":60},"15":{"name":"(anonymous_15)","decl":{"start":{"line":62,"column":12},"end":{"line":62,"column":13}},"loc":{"start":{"line":62,"column":24},"end":{"line":64,"column":5}},"line":62},"16":{"name":"(anonymous_16)","decl":{"start":{"line":64,"column":12},"end":{"line":64,"column":13}},"loc":{"start":{"line":64,"column":24},"end":{"line":69,"column":5}},"line":64},"17":{"name":"(anonymous_17)","decl":{"start":{"line":69,"column":12},"end":{"line":69,"column":13}},"loc":{"start":{"line":69,"column":24},"end":{"line":71,"column":5}},"line":69},"18":{"name":"(anonymous_18)","decl":{"start":{"line":71,"column":13},"end":{"line":71,"column":14}},"loc":{"start":{"line":71,"column":25},"end":{"line":73,"column":5}},"line":71},"19":{"name":"register","decl":{"start":{"line":79,"column":24},"end":{"line":79,"column":32}},"loc":{"start":{"line":79,"column":74},"end":{"line":93,"column":1}},"line":79},"20":{"name":"(anonymous_20)","decl":{"start":{"line":80,"column":9},"end":{"line":80,"column":10}},"loc":{"start":{"line":80,"column":29},"end":{"line":92,"column":3}},"line":80},"21":{"name":"(anonymous_21)","decl":{"start":{"line":87,"column":19},"end":{"line":87,"column":20}},"loc":{"start":{"line":87,"column":31},"end":{"line":89,"column":5}},"line":87},"22":{"name":"(anonymous_22)","decl":{"start":{"line":89,"column":13},"end":{"line":89,"column":14}},"loc":{"start":{"line":89,"column":30},"end":{"line":91,"column":5}},"line":89},"23":{"name":"logout","decl":{"start":{"line":97,"column":22},"end":{"line":97,"column":28}},"loc":{"start":{"line":97,"column":31},"end":{"line":111,"column":1}},"line":97},"24":{"name":"(anonymous_24)","decl":{"start":{"line":98,"column":9},"end":{"line":98,"column":10}},"loc":{"start":{"line":98,"column":29},"end":{"line":110,"column":3}},"line":98},"25":{"name":"(anonymous_25)","decl":{"start":{"line":99,"column":54},"end":{"line":99,"column":55}},"loc":{"start":{"line":99,"column":66},"end":{"line":101,"column":5}},"line":99},"26":{"name":"(anonymous_26)","decl":{"start":{"line":101,"column":12},"end":{"line":101,"column":13}},"loc":{"start":{"line":101,"column":24},"end":{"line":103,"column":5}},"line":101},"27":{"name":"(anonymous_27)","decl":{"start":{"line":103,"column":12},"end":{"line":103,"column":13}},"loc":{"start":{"line":103,"column":24},"end":{"line":105,"column":5}},"line":103},"28":{"name":"(anonymous_28)","decl":{"start":{"line":105,"column":12},"end":{"line":105,"column":13}},"loc":{"start":{"line":105,"column":24},"end":{"line":107,"column":5}},"line":105},"29":{"name":"(anonymous_29)","decl":{"start":{"line":107,"column":13},"end":{"line":107,"column":14}},"loc":{"start":{"line":107,"column":30},"end":{"line":109,"column":5}},"line":107},"30":{"name":"keepLoginWhenRefresh","decl":{"start":{"line":115,"column":36},"end":{"line":115,"column":56}},"loc":{"start":{"line":115,"column":59},"end":{"line":145,"column":1}},"line":115},"31":{"name":"(anonymous_31)","decl":{"start":{"line":116,"column":9},"end":{"line":116,"column":10}},"loc":{"start":{"line":116,"column":29},"end":{"line":144,"column":3}},"line":116},"32":{"name":"(anonymous_32)","decl":{"start":{"line":126,"column":21},"end":{"line":126,"column":22}},"loc":{"start":{"line":126,"column":33},"end":{"line":128,"column":7}},"line":126},"33":{"name":"(anonymous_33)","decl":{"start":{"line":128,"column":14},"end":{"line":128,"column":15}},"loc":{"start":{"line":128,"column":26},"end":{"line":130,"column":7}},"line":128},"34":{"name":"(anonymous_34)","decl":{"start":{"line":130,"column":14},"end":{"line":130,"column":15}},"loc":{"start":{"line":130,"column":26},"end":{"line":132,"column":7}},"line":130},"35":{"name":"(anonymous_35)","decl":{"start":{"line":132,"column":14},"end":{"line":132,"column":15}},"loc":{"start":{"line":132,"column":26},"end":{"line":134,"column":7}},"line":132},"36":{"name":"(anonymous_36)","decl":{"start":{"line":134,"column":14},"end":{"line":134,"column":15}},"loc":{"start":{"line":134,"column":26},"end":{"line":138,"column":7}},"line":134},"37":{"name":"(anonymous_37)","decl":{"start":{"line":138,"column":14},"end":{"line":138,"column":15}},"loc":{"start":{"line":138,"column":26},"end":{"line":140,"column":7}},"line":138},"38":{"name":"(anonymous_38)","decl":{"start":{"line":140,"column":15},"end":{"line":140,"column":16}},"loc":{"start":{"line":140,"column":32},"end":{"line":142,"column":7}},"line":140},"39":{"name":"uploadAvatar","decl":{"start":{"line":149,"column":28},"end":{"line":149,"column":40}},"loc":{"start":{"line":149,"column":53},"end":{"line":159,"column":1}},"line":149},"40":{"name":"(anonymous_40)","decl":{"start":{"line":150,"column":9},"end":{"line":150,"column":10}},"loc":{"start":{"line":150,"column":29},"end":{"line":158,"column":3}},"line":150},"41":{"name":"(anonymous_41)","decl":{"start":{"line":151,"column":60},"end":{"line":151,"column":61}},"loc":{"start":{"line":151,"column":72},"end":{"line":153,"column":5}},"line":151},"42":{"name":"(anonymous_42)","decl":{"start":{"line":153,"column":12},"end":{"line":153,"column":13}},"loc":{"start":{"line":153,"column":24},"end":{"line":155,"column":5}},"line":153},"43":{"name":"(anonymous_43)","decl":{"start":{"line":155,"column":13},"end":{"line":155,"column":14}},"loc":{"start":{"line":155,"column":30},"end":{"line":157,"column":5}},"line":155},"44":{"name":"uploadHeadline","decl":{"start":{"line":163,"column":30},"end":{"line":163,"column":44}},"loc":{"start":{"line":163,"column":55},"end":{"line":175,"column":1}},"line":163},"45":{"name":"(anonymous_45)","decl":{"start":{"line":164,"column":9},"end":{"line":164,"column":10}},"loc":{"start":{"line":164,"column":29},"end":{"line":174,"column":3}},"line":164},"46":{"name":"(anonymous_46)","decl":{"start":{"line":167,"column":19},"end":{"line":167,"column":20}},"loc":{"start":{"line":167,"column":31},"end":{"line":169,"column":5}},"line":167},"47":{"name":"(anonymous_47)","decl":{"start":{"line":169,"column":12},"end":{"line":169,"column":13}},"loc":{"start":{"line":169,"column":24},"end":{"line":171,"column":5}},"line":169},"48":{"name":"(anonymous_48)","decl":{"start":{"line":171,"column":13},"end":{"line":171,"column":14}},"loc":{"start":{"line":171,"column":30},"end":{"line":173,"column":5}},"line":171},"49":{"name":"unfollow","decl":{"start":{"line":179,"column":24},"end":{"line":179,"column":32}},"loc":{"start":{"line":179,"column":39},"end":{"line":189,"column":1}},"line":179},"50":{"name":"(anonymous_50)","decl":{"start":{"line":180,"column":9},"end":{"line":180,"column":10}},"loc":{"start":{"line":180,"column":29},"end":{"line":188,"column":3}},"line":180},"51":{"name":"(anonymous_51)","decl":{"start":{"line":181,"column":68},"end":{"line":181,"column":69}},"loc":{"start":{"line":181,"column":80},"end":{"line":183,"column":5}},"line":181},"52":{"name":"(anonymous_52)","decl":{"start":{"line":183,"column":12},"end":{"line":183,"column":13}},"loc":{"start":{"line":183,"column":24},"end":{"line":185,"column":5}},"line":183},"53":{"name":"(anonymous_53)","decl":{"start":{"line":185,"column":13},"end":{"line":185,"column":14}},"loc":{"start":{"line":185,"column":30},"end":{"line":187,"column":5}},"line":185},"54":{"name":"follow","decl":{"start":{"line":193,"column":22},"end":{"line":193,"column":28}},"loc":{"start":{"line":193,"column":35},"end":{"line":203,"column":1}},"line":193},"55":{"name":"(anonymous_55)","decl":{"start":{"line":194,"column":9},"end":{"line":194,"column":10}},"loc":{"start":{"line":194,"column":29},"end":{"line":202,"column":3}},"line":194},"56":{"name":"(anonymous_56)","decl":{"start":{"line":195,"column":65},"end":{"line":195,"column":66}},"loc":{"start":{"line":195,"column":77},"end":{"line":197,"column":5}},"line":195},"57":{"name":"(anonymous_57)","decl":{"start":{"line":197,"column":12},"end":{"line":197,"column":13}},"loc":{"start":{"line":197,"column":24},"end":{"line":199,"column":5}},"line":197},"58":{"name":"(anonymous_58)","decl":{"start":{"line":199,"column":13},"end":{"line":199,"column":14}},"loc":{"start":{"line":199,"column":30},"end":{"line":201,"column":5}},"line":199},"59":{"name":"uploadPost","decl":{"start":{"line":207,"column":26},"end":{"line":207,"column":36}},"loc":{"start":{"line":207,"column":47},"end":{"line":213,"column":1}},"line":207},"60":{"name":"(anonymous_60)","decl":{"start":{"line":208,"column":9},"end":{"line":208,"column":10}},"loc":{"start":{"line":208,"column":29},"end":{"line":212,"column":3}},"line":208},"61":{"name":"(anonymous_61)","decl":{"start":{"line":209,"column":61},"end":{"line":209,"column":62}},"loc":{"start":{"line":209,"column":78},"end":{"line":211,"column":5}},"line":209},"62":{"name":"updateEmail","decl":{"start":{"line":217,"column":27},"end":{"line":217,"column":38}},"loc":{"start":{"line":217,"column":46},"end":{"line":227,"column":1}},"line":217},"63":{"name":"(anonymous_63)","decl":{"start":{"line":218,"column":9},"end":{"line":218,"column":10}},"loc":{"start":{"line":218,"column":29},"end":{"line":226,"column":3}},"line":218},"64":{"name":"(anonymous_64)","decl":{"start":{"line":221,"column":19},"end":{"line":221,"column":20}},"loc":{"start":{"line":221,"column":31},"end":{"line":223,"column":5}},"line":221},"65":{"name":"(anonymous_65)","decl":{"start":{"line":223,"column":12},"end":{"line":223,"column":13}},"loc":{"start":{"line":223,"column":29},"end":{"line":225,"column":5}},"line":223},"66":{"name":"updateZipcode","decl":{"start":{"line":231,"column":29},"end":{"line":231,"column":42}},"loc":{"start":{"line":231,"column":52},"end":{"line":241,"column":1}},"line":231},"67":{"name":"(anonymous_67)","decl":{"start":{"line":232,"column":9},"end":{"line":232,"column":10}},"loc":{"start":{"line":232,"column":29},"end":{"line":240,"column":3}},"line":232},"68":{"name":"(anonymous_68)","decl":{"start":{"line":235,"column":19},"end":{"line":235,"column":20}},"loc":{"start":{"line":235,"column":31},"end":{"line":237,"column":5}},"line":235},"69":{"name":"(anonymous_69)","decl":{"start":{"line":237,"column":12},"end":{"line":237,"column":13}},"loc":{"start":{"line":237,"column":29},"end":{"line":239,"column":5}},"line":237},"70":{"name":"updatePassword","decl":{"start":{"line":245,"column":30},"end":{"line":245,"column":44}},"loc":{"start":{"line":245,"column":49},"end":{"line":253,"column":1}},"line":245},"71":{"name":"(anonymous_71)","decl":{"start":{"line":246,"column":9},"end":{"line":246,"column":10}},"loc":{"start":{"line":246,"column":21},"end":{"line":252,"column":3}},"line":246},"72":{"name":"(anonymous_72)","decl":{"start":{"line":249,"column":19},"end":{"line":249,"column":20}},"loc":{"start":{"line":249,"column":36},"end":{"line":251,"column":5}},"line":249},"73":{"name":"loginFailed","decl":{"start":{"line":257,"column":27},"end":{"line":257,"column":38}},"loc":{"start":{"line":257,"column":47},"end":{"line":262,"column":1}},"line":257},"74":{"name":"loginSuccess","decl":{"start":{"line":266,"column":28},"end":{"line":266,"column":40}},"loc":{"start":{"line":266,"column":43},"end":{"line":270,"column":1}},"line":266},"75":{"name":"registerSucceed","decl":{"start":{"line":274,"column":31},"end":{"line":274,"column":46}},"loc":{"start":{"line":274,"column":49},"end":{"line":278,"column":1}},"line":274},"76":{"name":"registerFail","decl":{"start":{"line":282,"column":28},"end":{"line":282,"column":40}},"loc":{"start":{"line":282,"column":49},"end":{"line":287,"column":1}},"line":282},"77":{"name":"avatarUploadSucceed","decl":{"start":{"line":291,"column":35},"end":{"line":291,"column":54}},"loc":{"start":{"line":291,"column":57},"end":{"line":295,"column":1}},"line":291},"78":{"name":"avatarUploadFail","decl":{"start":{"line":299,"column":32},"end":{"line":299,"column":48}},"loc":{"start":{"line":299,"column":57},"end":{"line":304,"column":1}},"line":299},"79":{"name":"headlineUploadSucceed","decl":{"start":{"line":308,"column":37},"end":{"line":308,"column":58}},"loc":{"start":{"line":308,"column":61},"end":{"line":312,"column":1}},"line":308},"80":{"name":"headlineUploadFail","decl":{"start":{"line":316,"column":34},"end":{"line":316,"column":52}},"loc":{"start":{"line":316,"column":61},"end":{"line":321,"column":1}},"line":316},"81":{"name":"logoutSucceed","decl":{"start":{"line":325,"column":29},"end":{"line":325,"column":42}},"loc":{"start":{"line":325,"column":45},"end":{"line":329,"column":1}},"line":325},"82":{"name":"logoutFail","decl":{"start":{"line":333,"column":26},"end":{"line":333,"column":36}},"loc":{"start":{"line":333,"column":45},"end":{"line":338,"column":1}},"line":333},"83":{"name":"fetchUserInfo","decl":{"start":{"line":342,"column":29},"end":{"line":342,"column":42}},"loc":{"start":{"line":342,"column":45},"end":{"line":352,"column":1}},"line":342},"84":{"name":"(anonymous_84)","decl":{"start":{"line":343,"column":9},"end":{"line":343,"column":10}},"loc":{"start":{"line":343,"column":29},"end":{"line":351,"column":3}},"line":343},"85":{"name":"(anonymous_85)","decl":{"start":{"line":346,"column":29},"end":{"line":346,"column":30}},"loc":{"start":{"line":346,"column":46},"end":{"line":350,"column":5}},"line":346},"86":{"name":"(anonymous_86)","decl":{"start":{"line":347,"column":53},"end":{"line":347,"column":54}},"loc":{"start":{"line":347,"column":73},"end":{"line":349,"column":7}},"line":347},"87":{"name":"fetchHeadline","decl":{"start":{"line":356,"column":29},"end":{"line":356,"column":42}},"loc":{"start":{"line":356,"column":45},"end":{"line":362,"column":1}},"line":356},"88":{"name":"(anonymous_88)","decl":{"start":{"line":357,"column":9},"end":{"line":357,"column":10}},"loc":{"start":{"line":357,"column":29},"end":{"line":361,"column":3}},"line":357},"89":{"name":"(anonymous_89)","decl":{"start":{"line":358,"column":57},"end":{"line":358,"column":58}},"loc":{"start":{"line":358,"column":77},"end":{"line":360,"column":5}},"line":358},"90":{"name":"fetchAvatar","decl":{"start":{"line":366,"column":27},"end":{"line":366,"column":38}},"loc":{"start":{"line":366,"column":41},"end":{"line":372,"column":1}},"line":366},"91":{"name":"(anonymous_91)","decl":{"start":{"line":367,"column":9},"end":{"line":367,"column":10}},"loc":{"start":{"line":367,"column":29},"end":{"line":371,"column":3}},"line":367},"92":{"name":"(anonymous_92)","decl":{"start":{"line":368,"column":55},"end":{"line":368,"column":56}},"loc":{"start":{"line":368,"column":75},"end":{"line":370,"column":5}},"line":368},"93":{"name":"fetchFollowing","decl":{"start":{"line":376,"column":30},"end":{"line":376,"column":44}},"loc":{"start":{"line":376,"column":47},"end":{"line":407,"column":1}},"line":376},"94":{"name":"(anonymous_94)","decl":{"start":{"line":377,"column":9},"end":{"line":377,"column":10}},"loc":{"start":{"line":377,"column":29},"end":{"line":406,"column":3}},"line":377},"95":{"name":"(anonymous_95)","decl":{"start":{"line":378,"column":57},"end":{"line":378,"column":58}},"loc":{"start":{"line":378,"column":77},"end":{"line":405,"column":5}},"line":378},"96":{"name":"(anonymous_96)","decl":{"start":{"line":380,"column":50},"end":{"line":380,"column":51}},"loc":{"start":{"line":380,"column":74},"end":{"line":385,"column":9}},"line":380},"97":{"name":"(anonymous_97)","decl":{"start":{"line":387,"column":100},"end":{"line":387,"column":101}},"loc":{"start":{"line":387,"column":120},"end":{"line":391,"column":9}},"line":387},"98":{"name":"(anonymous_98)","decl":{"start":{"line":388,"column":44},"end":{"line":388,"column":45}},"loc":{"start":{"line":388,"column":60},"end":{"line":390,"column":11}},"line":388},"99":{"name":"(anonymous_99)","decl":{"start":{"line":392,"column":96},"end":{"line":392,"column":97}},"loc":{"start":{"line":392,"column":116},"end":{"line":396,"column":9}},"line":392},"100":{"name":"(anonymous_100)","decl":{"start":{"line":393,"column":42},"end":{"line":393,"column":43}},"loc":{"start":{"line":393,"column":58},"end":{"line":395,"column":11}},"line":393},"101":{"name":"(anonymous_101)","decl":{"start":{"line":397,"column":63},"end":{"line":397,"column":64}},"loc":{"start":{"line":397,"column":75},"end":{"line":401,"column":9}},"line":397},"102":{"name":"(anonymous_102)","decl":{"start":{"line":398,"column":80},"end":{"line":398,"column":81}},"loc":{"start":{"line":398,"column":96},"end":{"line":400,"column":11}},"line":398},"103":{"name":"fetchArticles","decl":{"start":{"line":411,"column":29},"end":{"line":411,"column":42}},"loc":{"start":{"line":411,"column":45},"end":{"line":419,"column":1}},"line":411},"104":{"name":"(anonymous_104)","decl":{"start":{"line":412,"column":9},"end":{"line":412,"column":10}},"loc":{"start":{"line":412,"column":29},"end":{"line":418,"column":3}},"line":412},"105":{"name":"(anonymous_105)","decl":{"start":{"line":413,"column":56},"end":{"line":413,"column":57}},"loc":{"start":{"line":413,"column":76},"end":{"line":415,"column":5}},"line":413},"106":{"name":"(anonymous_106)","decl":{"start":{"line":415,"column":13},"end":{"line":415,"column":14}},"loc":{"start":{"line":415,"column":30},"end":{"line":417,"column":5}},"line":415},"107":{"name":"editArticle","decl":{"start":{"line":423,"column":27},"end":{"line":423,"column":38}},"loc":{"start":{"line":423,"column":53},"end":{"line":433,"column":1}},"line":423},"108":{"name":"(anonymous_108)","decl":{"start":{"line":424,"column":9},"end":{"line":424,"column":10}},"loc":{"start":{"line":424,"column":29},"end":{"line":432,"column":3}},"line":424},"109":{"name":"(anonymous_109)","decl":{"start":{"line":427,"column":19},"end":{"line":427,"column":20}},"loc":{"start":{"line":427,"column":31},"end":{"line":429,"column":5}},"line":427},"110":{"name":"(anonymous_110)","decl":{"start":{"line":429,"column":13},"end":{"line":429,"column":14}},"loc":{"start":{"line":429,"column":30},"end":{"line":431,"column":5}},"line":429},"111":{"name":"addComment","decl":{"start":{"line":437,"column":26},"end":{"line":437,"column":36}},"loc":{"start":{"line":437,"column":51},"end":{"line":448,"column":1}},"line":437},"112":{"name":"(anonymous_112)","decl":{"start":{"line":438,"column":9},"end":{"line":438,"column":10}},"loc":{"start":{"line":438,"column":29},"end":{"line":447,"column":3}},"line":438},"113":{"name":"(anonymous_113)","decl":{"start":{"line":442,"column":19},"end":{"line":442,"column":20}},"loc":{"start":{"line":442,"column":31},"end":{"line":444,"column":5}},"line":442},"114":{"name":"(anonymous_114)","decl":{"start":{"line":444,"column":13},"end":{"line":444,"column":14}},"loc":{"start":{"line":444,"column":30},"end":{"line":446,"column":5}},"line":444},"115":{"name":"editComment","decl":{"start":{"line":452,"column":27},"end":{"line":452,"column":38}},"loc":{"start":{"line":452,"column":64},"end":{"line":463,"column":1}},"line":452},"116":{"name":"(anonymous_116)","decl":{"start":{"line":453,"column":9},"end":{"line":453,"column":10}},"loc":{"start":{"line":453,"column":29},"end":{"line":462,"column":3}},"line":453},"117":{"name":"(anonymous_117)","decl":{"start":{"line":457,"column":19},"end":{"line":457,"column":20}},"loc":{"start":{"line":457,"column":31},"end":{"line":459,"column":5}},"line":457},"118":{"name":"(anonymous_118)","decl":{"start":{"line":459,"column":13},"end":{"line":459,"column":14}},"loc":{"start":{"line":459,"column":30},"end":{"line":461,"column":5}},"line":459},"119":{"name":"fetchField","decl":{"start":{"line":467,"column":26},"end":{"line":467,"column":36}},"loc":{"start":{"line":467,"column":51},"end":{"line":475,"column":1}},"line":467},"120":{"name":"nevigate","decl":{"start":{"line":479,"column":24},"end":{"line":479,"column":32}},"loc":{"start":{"line":479,"column":39},"end":{"line":484,"column":1}},"line":479}},"branchMap":{"0":{"loc":{"start":{"line":3,"column":24},"end":{"line":3,"column":328}},"type":"if","locations":[{"start":{"line":3,"column":24},"end":{"line":3,"column":328}},{"start":{"line":3,"column":24},"end":{"line":3,"column":328}}],"line":3},"1":{"loc":{"start":{"line":3,"column":28},"end":{"line":3,"column":95}},"type":"binary-expr","locations":[{"start":{"line":3,"column":28},"end":{"line":3,"column":56}},{"start":{"line":3,"column":60},"end":{"line":3,"column":95}}],"line":3},"2":{"loc":{"start":{"line":3,"column":205},"end":{"line":3,"column":322}},"type":"cond-expr","locations":[{"start":{"line":3,"column":301},"end":{"line":3,"column":309}},{"start":{"line":3,"column":312},"end":{"line":3,"column":322}}],"line":3},"3":{"loc":{"start":{"line":3,"column":205},"end":{"line":3,"column":298}},"type":"binary-expr","locations":[{"start":{"line":3,"column":205},"end":{"line":3,"column":208}},{"start":{"line":3,"column":212},"end":{"line":3,"column":240}},{"start":{"line":3,"column":244},"end":{"line":3,"column":270}},{"start":{"line":3,"column":274},"end":{"line":3,"column":298}}],"line":3},"4":{"loc":{"start":{"line":14,"column":38},"end":{"line":14,"column":85}},"type":"if","locations":[{"start":{"line":14,"column":38},"end":{"line":14,"column":85}},{"start":{"line":14,"column":38},"end":{"line":14,"column":85}}],"line":14},"5":{"loc":{"start":{"line":16,"column":40},"end":{"line":16,"column":82}},"type":"if","locations":[{"start":{"line":16,"column":40},"end":{"line":16,"column":82}},{"start":{"line":16,"column":40},"end":{"line":16,"column":82}}],"line":16},"6":{"loc":{"start":{"line":16,"column":44},"end":{"l
[...]
1":{"start":{"line":3,"column":99},"end":{"line":3,"column":154}},"2":{"start":{"line":3,"column":133},"end":{"line":3,"column":151}},"3":{"start":{"line":3,"column":164},"end":{"line":3,"column":326}},"4":{"start":{"line":3,"column":198},"end":{"line":3,"column":323}},"5":{"start":{"line":3,"column":329},"end":{"line":3,"column":349}},"6":{"start":{"line":5,"column":0},"end":{"line":7,"column":3}},"7":{"start":{"line":8,"column":0},"end":{"line":8,"column":28}},"8":{"start":{"line":10,"column":18},"end":{"line":10,"column":67}},"9":{"start":{"line":12,"column":38},"end":{"line":12,"column":85}},"10":{"start":{"line":12,"column":73},"end":{"line":12,"column":85}},"11":{"start":{"line":12,"column":98},"end":{"line":12,"column":111}},"12":{"start":{"line":12,"column":113},"end":{"line":12,"column":194}},"13":{"start":{"line":12,"column":178},"end":{"line":12,"column":191}},"14":{"start":{"line":12,"column":195},"end":{"line":12,"column":208}},"15":{"start":{"line":14,"column":40},"end":{"line":14,"column":82}},"16":{"start":{"line":14,"column":69},"end":{"line":14,"column":80}},"17":{"start":{"line":14,"column":83},"end":{"line":14,"column":187}},"18":{"start":{"line":14,"column":161},"end":{"line":14,"column":185}},"19":{"start":{"line":14,"column":200},"end":{"line":14,"column":226}},"20":{"start":{"line":14,"column":228},"end":{"line":14,"column":283}},"21":{"start":{"line":14,"column":259},"end":{"line":14,"column":281}},"22":{"start":{"line":14,"column":297},"end":{"line":14,"column":299}},"23":{"start":{"line":14,"column":329},"end":{"line":14,"column":385}},"24":{"start":{"line":14,"column":387},"end":{"line":14,"column":667}},"25":{"start":{"line":14,"column":410},"end":{"line":14,"column":665}},"26":{"start":{"line":14,"column":475},"end":{"line":14,"column":547}},"27":{"start":{"line":14,"column":549},"end":{"line":14,"column":663}},"28":{"start":{"line":14,"column":587},"end":{"line":14,"column":628}},"29":{"start":{"line":14,"column":638},"end":{"line":14,"column":661}},"30":{"start":{"line":14,"column":668},"end":{"line":14,"column":689}},"31":{"start":{"line":14,"column":690},"end":{"line":14,"column":728}},"32":{"start":{"line":14,"column":703},"end":{"line":14,"column":726}},"33":{"start":{"line":14,"column":729},"end":{"line":14,"column":743}},"34":{"start":{"line":16,"column":54},"end":{"line":16,"column":73}},"35":{"start":{"line":16,"column":75},"end":{"line":16,"column":326}},"36":{"start":{"line":16,"column":125},"end":{"line":16,"column":161}},"37":{"start":{"line":16,"column":163},"end":{"line":16,"column":292}},"38":{"start":{"line":16,"column":183},"end":{"line":16,"column":292}},"39":{"start":{"line":16,"column":225},"end":{"line":16,"column":288}},"40":{"start":{"line":16,"column":293},"end":{"line":16,"column":324}},"41":{"start":{"line":16,"column":327},"end":{"line":16,"column":339}},"42":{"start":{"line":18,"column":33},"end":{"line":18,"column":517}},"43":{"start":{"line":18,"column":46},"end":{"line":18,"column":47}},"44":{"start":{"line":18,"column":91},"end":{"line":18,"column":131}},"45":{"start":{"line":18,"column":133},"end":{"line":18,"column":515}},"46":{"start":{"line":18,"column":146},"end":{"line":18,"column":247}},"47":{"start":{"line":18,"column":201},"end":{"line":18,"column":243}},"48":{"start":{"line":18,"column":255},"end":{"line":18,"column":515}},"49":{"start":{"line":18,"column":295},"end":{"line":18,"column":369}},"50":{"start":{"line":18,"column":379},"end":{"line":18,"column":513}},"51":{"start":{"line":18,"column":428},"end":{"line":18,"column":509}},"52":{"start":{"line":18,"column":518},"end":{"line":18,"column":532}},"53":{"start":{"line":20,"column":44},"end":{"line":20,"column":195}},"54":{"start":{"line":20,"column":62},"end":{"line":20,"column":166}},"55":{"start":{"line":20,"column":176},"end":{"line":20,"column":193}},"56":{"start":{"line":20,"column":196},"end":{"line":20,"column":207}},"57":{"start":{"line":22,"column":17},"end":{"line":101,"column":1}},"58":{"start":{"line":23,"column":14},"end":{"line":34,"column":3}},"59":{"start":{"line":35,"column":15},"end":{"line":35,"column":62}},"60":{"start":{"line":37,"column":2},"end":{"line":100,"column":3}},"61":{"start":{"line":39,"column":6},"end":{"line":42,"column":9}},"62":{"start":{"line":45,"column":6},"end":{"line":48,"column":9}},"63":{"start":{"line":51,"column":6},"end":{"line":54,"column":9}},"64":{"start":{"line":57,"column":6},"end":{"line":60,"column":9}},"65":{"start":{"line":63,"column":6},"end":{"line":66,"column":9}},"66":{"start":{"line":69,"column":6},"end":{"line":72,"column":9}},"67":{"start":{"line":75,"column":6},"end":{"line":78,"column":9}},"68":{"start":{"line":81,"column":6},"end":{"line":84,"column":9}},"69":{"start":{"line":87,"column":6},"end":{"line":90,"column":9}},"70":{"start":{"line":93,"column":6},"end":{"line":96,"column":9}},"71":{"start":{"line":99,"column":6},"end":{"line":99,"column":19}},"72":{"start":{"line":103,"column":0},"end":{"line":103,"column":32}}},"fnMap":{"0":{"name":"_typeof","decl":{"start":{"line":3,"column":9},"end":{"line":3,"column":16}},"loc":{"start":{"line":3,"column":22},"end":{"line":3,"column":351}},"line":3},"1":{"name":"_typeof","decl":{"start":{"line":3,"column":118},"end":{"line":3,"column":125}},"loc":{"start":{"line":3,"column":131},"end":{"line":3,"column":153}},"line":3},"2":{"name":"_typeof","decl":{"start":{"line":3,"column":183},"end":{"line":3,"column":190}},"loc":{"start":{"line":3,"column":196},"end":{"line":3,"column":325}},"line":3},"3":{"name":"_getRequireWildcardCache","decl":{"start":{"line":12,"column":9},"end":{"line":12,"column":33}},"loc":{"start":{"line":12,"column":36},"end":{"line":12,"column":210}},"line":12},"4":{"name":"_getRequireWildcardCache","decl":{"start":{"line":12,"column":149},"end":{"line":12,"column":173}},"loc":{"start":{"line":12,"column":176},"end":{"line":12,"column":193}},"line":12},"5":{"name":"_interopRequireWildcard","decl":{"start":{"line":14,"column":9},"end":{"line":14,"column":32}},"loc":{"start":{"line":14,"column":38},"end":{"line":14,"column":745}},"line":14},"6":{"name":"ownKeys","decl":{"start":{"line":16,"column":9},"end":{"line":16,"column":16}},"loc":{"start":{"line":16,"column":41},"end":{"line":16,"column":341}},"line":16},"7":{"name":"(anonymous_7)","decl":{"start":{"line":16,"column":208},"end":{"line":16,"column":209}},"loc":{"start":{"line":16,"column":223},"end":{"line":16,"column":290}},"line":16},"8":{"name":"_objectSpread","decl":{"start":{"line":18,"column":9},"end":{"line":18,"column":22}},"loc":{"start":{"line":18,"column":31},"end":{"line":18,"column":534}},"line":18},"9":{"name":"(anonymous_9)","decl":{"start":{"line":18,"column":184},"end":{"line":18,"column":185}},"loc":{"start":{"line":18,"column":199},"end":{"line":18,"column":245}},"line":18},"10":{"name":"(anonymous_10)","decl":{"start":{"line":18,"column":411},"end":{"line":18,"column":412}},"loc":{"start":{"line":18,"column":426},"end":{"line":18,"column":511}},"line":18},"11":{"name":"_defineProperty","decl":{"start":{"line":20,"column":9},"end":{"line":20,"column":24}},"loc":{"start":{"line":20,"column":42},"end":{"line":20,"column":209}},"line":20},"12":{"name":"ActionLogs","decl":{"start":{"line":22,"column":26},"end":{"line":22,"column":36}},"loc":{"start":{"line":22,"column":39},"end":{"line":101,"column":1}},"line":22}},"branchMap":{"0":{"loc":{"start":{"line":3,"column":24},"end":{"line":3,"column":328}},"type":"if","locations":[{"start":{"line":3,"column":24},"end":{"line":3,"column":328}},{"start":{"line":3,"column":24},"end":{"line":3,"column":328}}],"line":3},"1":{"loc":{"start":{"line":3,"column":28},"end":{"line":3,"column":95}},"type":"binary-expr","locations":[{"start":{"line":3,"column":28},"end":{"line":3,"column":56}},{"start":{"line":3,"column":60},"end":{"line":3,"column":95}}],"line":3},"2":{"loc":{"start":{"line":3,"column":205},"end":{"line":3,"column":322}},"type":"cond-expr","locations":[{"start":{"line":3,"column":301},"end":{"line":3,"column":309}},{"start":{"line":3,"column":312},"end":{"line":3,"column":322}}],"line":3},"3":{"loc":{"start":{"line":3,"column":205},"end":{"line":3,"column":298}},"type":"binary-expr","locations":[{"start":{"line":3,"column":205},"end":{"line":3,"column":208}},{"start":{"line":3,"column":212},"end":{"line":3,"column":240}},{"start":{"line":3,"column":244},"end":{"line":3,"column":270}},{"start":{"line":3,"column":274},"end":{"line":3,"column":298}}],"line":3},"4":{"loc":{"start":{"line":12,"column":38},"end":{"line":12,"column":85}},"type":"if","locations":[{"start":{"line":12,"column":38},"end":{"line":12,"column":85}},{"start":{"line":12,"column":38},"end":{"line":12,"column":85}}],"line":12},"5":{"loc":{"start":{"line":14,"column":40},"end":{"line":14,"column":82}},"type":"if","locations":[{"start":{"line":14,"column":40},"end":{"line":14,"column":82}},{"start":{"line":14,"column":40},"end":{"line":14,"column":82}}],"line":14},"6":{"loc":{"start":{"line":14,"column":44},"end":{"line":14,"column":65}},"type":"binary-expr","locations":[{"start":{"line":14,"column":44},"end":{"line":14,"column":47}},{"start":{"line":14,"column":51},"end":{"line":14,"column":65}}],"line":14},"7":{"loc":{"start":{"line":14,"column":83},"end":{"line":14,"column":187}},"type":"if","locations":[{"start":{"line":14,"column":83},"end":{"line":14,"column":187}},{"start":{"line":14,"column":83},"end":{"line":14,"column":187}}],"line":14},"8":{"loc":{"start":{"line":14,"column":87},"end":{"line":14,"column":157}},"type":"binary-expr","locations":[{"start":{"line":14,"column":87},"end":{"line":14,"column":99}},{"start":{"line":14,"column":103},"end":{"line":14,"column":128}},{"start":{"line":14,"column":132},"end":{"line":14,"column":157}}],"line":14},"9":{"loc":{"start":{"line":14,"column":228},"end":{"line":14,"column":283}},"type":"if","locations":[{"start":{"line":14,"column":228},"end":{"line":14,"column":283}},{"start":{"line":14,"column":228},"end":{"line":14,"column":283}}],"line":14},"10":{"loc":{"start":{"line":14,"column":232},"end":{"line":14,"column":255}},"type":"binary-expr","locations":[{"start":{"line":14,"column":232},"end":{"line":14,"column":237}},{"start":{"line":14,"column":241},"end":{"line":14,"column":255}}],"line":14},"11":{"loc":{"start":{"line":14,"column":329},"end":{"line":14,"column":385}},"type":"binary-expr","locations":[{"start":{"line":14,"column":329},"end":{"line":14,"column":350}},{"start":{"line":14,"column":354},"end":{"line":14,"column":385}}],"line":14},"12":{"loc":{"start":{"line":14,"column":410},"end":{"line":14,"column":665}},"type":"if","locations":[{"start":{"line":14,"column":410},"end":{"line":14,"column":665}},{"start":{"line":14,"column":410},"end":{"line":14,"column":665}}],"line":14},"13":{"loc":{"start":{"line":14,"column":475},"end":{"line":14,"column":547}},"type":"cond-expr","locations":[{"start":{"line":14,"column":499},"end":{"line":14,"column":540}},{"start":{"line":14,"column":543},"end":{"line":14,"column":547}}],"line":14},"14":{"loc":{"start":{"line":14,"column":549},"end":{"line":14,"column":663}},"type":"if","locations":[{"start":{"line":14,"column":549},"end":{"line":14,"column":663}},{"start":{"line":14,"column":549},"end":{"line":14,"column":663}}],"line":14},"15":{"loc":{"start":{"line":14,"column":553},"end":{"line":14,"column":583}},"type":"binary-expr","locations":[{"start":{"line":14,"column":553},"end":{"line":14,"column":557}},{"start":{"line":14,"column":562},"end":{"line":14,"column":570}},{"start":{"line":14,"column":574},"end":{"line":14,"column":582}}],"line":14},"16":{"loc":{"start":{"line":14,"column":690},"end":{"line":14,"column":728}},"type":"if","locations":[{"start":{"line":14,"column":690},"end":{"line":14,"column":728}},{"start":{"line":14,"column":690},"end":{"line":14,"column":728}}],"line":14},"17":{"loc":{"start":{"line":16,"column":75},"end":{"line":16,"column":326}},"type":"if","locations":[{"start":{"line":16,"column":75},"end":{"line":16,"column":326}},{"start":{"line":16,"column":75},"end":{"line":16,"column":326}}],"line":16},"18":{"loc":{"start":{"line":16,"column":163},"end":{"line":16,"column":292}},"type":"if","locations":[{"start":{"line":16,"column":163},"end":{"line":16,"column":292}},{"start":{"line":16,"column":163},"end":{"line":16,"column":292}}],"line":16},"19":{"loc":{"start":{"line":18,"column":91},"end":{"line":18,"column":131}},"type":"cond-expr","locations":[{"start":{"line":18,"column":114},"end":{"line":18,"column":126}},{"start":{"line":18,"column":129},"end":{"line":18,"column":131}}],"line":18},"20":{"loc":{"start":{"line":18,"column":133},"end":{"line":18,"column":515}},"type":"if","locations":[{"start":{"line":18,"column":133},"end":{"line":18,"column":515}},{"start":{"line":18,"column":133},"end":{"line":18,"column":515}}],"line":18},"21":{"loc":{"start":{"line":18,"column":255},"end":{"line":18,"column":515}},"type":"if","locations":[{"start":{"line":18,"column":255},"end":{"line":18,"column":515}},{"start":{"line":18,"column":255},"end":{"line":18,"column":515}}],"line":18},"22":{"loc":{"start":{"line":20,"column":44},"end":{"line":20,"column":195}},"type":"if","locations":[{"start":{"line":20,"column":44},"end":{"line":20,"column":195}},{"start":{"line":20,"column":44},"end":{"line":20,"column":195}}],"line":20},"23":{"loc":{"start":{"line":23,"column":14},"end":{"line":34,"column":3}},"type":"cond-expr","locations":[{"start":{"line":23,"column":67},"end":{"line":23,"column":79}},{"start":{"line":23,"column":82},"end":{"line":34,"column":3}}],"line":23},"24":{"loc":{"start":{"line":23,"column":14},"end":{"line":23,"column":64}},"type":"binary-expr","locations":[{"start":{"line":23,"column":14},"end":{"line":23,"column":34}},{"start":{"line":23,"column":38},"end":{"line":23,"column":64}}],"line":23},"25":{"loc":{"start":{"line":35,"column":15},"end":{"line":35,"column":62}},"type":"cond-expr","locations":[{"start":{"line":35,"column":38},"end":{"line":35,"column":50}},{"start":{"line":35,"column":53},"end":{"line":35,"column":62}}],"line":35},"26":{"loc":{"start":{"line":37,"column":2},"end":{"line":100,"column":3}},"type":"switch","locations":[{"start":{"line":38,"column":4},"end":{"line":42,"column":9}},{"start":{"line":44,"column":4},"end":{"line":48,"column":9}},{"start":{"line":50,"column":4},"end":{"line":54,"column":9}},{"start":{"line":56,"column":4},"end":{"line":60,"column":9}},{"start":{"line":62,"column":4},"end":{"line":66,"column":9}},{"start":{"line":68,"column":4},"end":{"line":72,"column":9}},{"start":{"line":74,"column":4},"end":{"line":78,"column":9}},{"start":{"line":80,"column":4},"end":{"line":84,"column":9}},{"start":{"line":86,"column":4},"end":{"line":90,"column":9}},{"start":{"line":92,"column":4},"end":{"line":96,"column":9}},{"start":{"line":98,"column":4},"end":{"line":99,"column":19}}],"line":37}},"s":{"0":0,"1":0,"2":0,"3":0,"4":0,"5":0,"6":1,"7":1,"8":1,"9":0,"10":0,"11":0,"12":0,"13":0,"14":0,"15":1,"16":1,"17":0,"18":0,"19":0,"20":0,"21":0,"22":0,"23":0,"24":0,"25":0,"26":0,"27":0,"28":0,"29":0,"30":0,"31":0,"32":0,"33":0,"34":0,"35":0,"36":0,"37":0,"38":0,"39":0,"40":0,"41":0,"42":0,"43":0,"44":0,"45":0,"46":0,"47":0,"48":0,"49":0,"50":0,"51":0,"52":0,"53":0,"54":0,"55":0,"56":0,"57":1,"58":0,"59":0,"60":0,"61":0,"62":0,"63":0,"64":0,"65":0,"66":0,"67":0,"68":0,"69":0,"70":0,"71":0,"72":1},"f":{"0":0,"1":0,"2":0,"3":0,"4":0,"5":1,"6":0,"7":0,"8":0,"9":0,"10":0,"11":0,"12":0},"b":{"0":[0,0],"1":[0,0],"2":[0,0],"3":[0,0,0,0],"4":[0,0],"5":[1,0],"6":[1,1],"7":[0,0],"8":[0,0,0],"9":[0,0],"10":[0,0],"11":[0,0],"12":[0,0],"13":[0,0],"14":[0,0],"15":[0,0,0],"16":[0,0],"17":[0,0],"18":[0,0],"19":[0,0],"20":[0,0],"21":[0,0],"22":[0,0],"23":[0,0],"24":[0,0],"25":[0,0],"26":[0,0,0,0,0,0,0,0,0,0,0]},"inputSourceMap":{"version":3,"sources":["actionLogs.js"],"names":["ActionLogs","state","isAuthenticated","loginErrmsg","isRegistered","registerErrmsg","isAvatarUploaded","avatarUploadErrmsg","isLoggedout","logoutErrmsg","isHeadlineUploaded","headlineUploadErrmsg","action","type","ActionTypes","LOGIN_FAILED","payload","LOGIN_SUCCESS","REGISTER_SUCCEED","REGISTER_FAIL","UPLOAD_AVATAR_FAIL","UPLOAD_AVATAR_SUCCEED","LOGOUT_SUCCEED","LOGOUT_FAIL","UPLOAD_HEADLINE_SUCCEED","UPLOAD_HEADLINE_FAIL"],"mappings":";;;;;;;;;AAAA;;;;;;;;;;;;AAEO,IAAMA,UAAU,GAAG,SAAbA,UAAa,GAWZ;AAAA,MAXaC,KAWb,uEAXqB;AAC/BC,IAAAA,eAAe,EAAE,KADc;AAE/BC,IAAAA,WAAW,EAAE,EAFkB;AAG/BC,IAAAA,YAAY,EAAE,KAHiB;AAI/BC,IAAAA,cAAc,EAAE,EAJe;AAK/BC,IAAAA,gBAAgB,EAAE,KALa;AAM/BC,IAAAA,kBAAkB,EAAE,EANW;AAO/BC,IAAAA,WAAW,EAAE,KAPkB;AAQ/BC,IAAAA,YAAY,EAAE,EARiB;AAS/BC,IAAAA,kBAAkB,EAAE,KATW;AAU/BC,IAAAA,oBAAoB,EAAE;AAVS,GAWrB;AAAA,MAAXC,MAAW;;AACV,UAAQA,MAAM,CAACC,IAAf;AACI,SAAKC,WAAW,CAACC,YAAjB;AACI,+BAAWd,KAAX;AAAkBE,QAAAA,WAAW,EAAES,MAAM,CAACI,OAAtC;AAA+Cd,QAAAA,eAAe,EAAE;AAAhE;;AACJ,SAAKY,WAAW,CAACG,aAAjB;AACI,+BAAWhB,KAAX;AAAkBE,QAAAA,WAAW,EAAE,EAA/B;AAAmCD,QAAAA,eAAe,EAAE;AAApD;;AACJ,SAAKY,WAAW,CAACI,gBAAjB;AACI,+BAAWjB,KAAX;AAAkBI,QAAAA,cAAc,EAAE,EAAlC;AAAsCD,QAAAA,YAAY,EAAE;AAApD;;AACJ,SAAKU,WAAW,CAACK,aAAjB;AACI,+BAAWlB,KAAX;AAAkBI,QAAAA,cAAc,EAAEO,MAAM,CAACI,OAAzC;AAAkDZ,QAAAA,YAAY,EAAE;AAAhE;;AACJ,SAAKU,WAAW,CAACM,kBAAjB;AACI,+BAAWnB,KAAX;AAAkBM,QAAAA,kBAAkB,EAAEK,MAAM,CAACI,OAA7C;AAAsDV,QAAAA,gBAAgB,EAAE;AAAxE;;AACJ,SAAKQ,WAAW,CAACO,qBAAjB;AACI,+BAAWpB,KAAX;AAAkBM,QAAAA,kBAAkB,EAAE,EAAtC;AAA0CD,QAAAA,gBAAgB,EAAE;AAA5D;;AACJ,SAAKQ,WAAW,CAACQ,cAAjB;AACI,+BAAWrB,KAAX;AAAkBQ,QAAAA,YAAY,EAAE,EAAhC;AAAoCD,QAAAA,WAAW,EAAE;AAAjD;;AACJ,SAAKM,WAAW,CAACS,WAAjB;AACI,+BAAWtB,KAAX;AAAkBQ,QAAAA,YAAY,EAAEG,MAAM,CAACI,OAAvC;AAAgDR,QAAAA,WAAW,EAAE;AAA7D;;AACJ,SAAKM,WAAW,CAACU,uBAAjB;AACI,+BAAWvB,KAAX;AAAkBU,QAAAA,oBAAoB,EAAE,EAAxC;AAA4CD,QAAAA,kBAAkB,EAAE;AAAhE;;AACJ,SAAKI,WAAW,CAACW,oBAAjB;AACI,+BAAWxB,KAAX;AAAkBU,QAAAA,oBAAoB,EAAEC,MAAM,CAACI,OAA/C;AAAwDN,QAAAA,kBAAkB,EAAE;AAA5E;;AACJ;AACI,aAAOT,KAAP;AAtBR;AAyBH,CArCM","sourceRoot":"C:\\Users\\FengV\\Desktop\\web-dev\\ricebook\\frontend\\src\\redux","sourcesContent":["import * as ActionTypes from './ActionTypes';\r\n\r\nexport const ActionLogs = (state = {\r\n    isAuthenticated: false,\r\n    loginErrmsg: '',\r\n    isRegistered: false,\r\n    registerErrmsg: '',\r\n    isAvatarUploaded: false,\r\n    avatarUploadErrmsg: '',\r\n    isLoggedout: false,\r\n    logoutErrmsg: '',\r\n    isHeadlineUploaded: false,\r\n    headlineUploadErrmsg: ''\r\n}, action) => {\r\n    switch (action.type) {\r\n        case ActionTypes.LOGIN_FAILED:\r\n            return {...state, loginErrmsg: action.payload, isAuthenticated: false};\r\n        case ActionTypes.LOGIN_SUCCESS:\r\n            return {...state, loginErrmsg: '', isAuthenticated: true};\r\n        case ActionTypes.REGISTER_SUCCEED:\r\n            return {...state, registerErrmsg: '', isRegistered: true};\r\n        case ActionTypes.REGISTER_FAIL:\r\n            return {...state, registerErrmsg: action.payload, isRegistered: false};\r\n        case ActionTypes.UPLOAD_AVATAR_FAIL:\r\n            return {...state, avatarUploadErrmsg: action.payload, isAvatarUploaded: false};\r\n        case ActionTypes.UPLOAD_AVATAR_SUCCEED: \r\n            return {...state, avatarUploadErrmsg: '', isAvatarUploaded: true};\r\n        case ActionTypes.LOGOUT_SUCCEED:\r\n            return {...state, logoutErrmsg: '', isLoggedout: true};\r\n        case ActionTypes.LOGOUT_FAIL:\r\n            return {...state, logoutErrmsg: action.payload, isLoggedout: false};\r\n        case ActionTypes.UPLOAD_HEADLINE_SUCCEED:\r\n            return {...state, headlineUploadErrmsg: '', isHeadlineUploaded: true};\r\n        case ActionTypes.UPLOAD_HEADLINE_FAIL:\r\n            return {...state, headlineUploadErrmsg: action.payload, isHeadlineUploaded: false};\r\n        default: \r\n            return state;\r\n    }\r\n    \r\n} "]},"_coverageSchema":"1a1c01bbd47fc00a2c39e90264f33305004495a9","hash":"831746536e1488760c692f9d1d3d86c4d3cc5afa","contentHash":"46253051e03dd875150f5fb388bd6c32b49bd2b347e6e32fb8fa895ff2e6ab95"}}